{"/home/cycledeviator/dev/gitProjects_Personal/my-spectrum-settings/allSettingValues.json": {"path":"/home/cycledeviator/dev/gitProjects_Personal/my-spectrum-settings/allSettingValues.json","statementMap":{},"fnMap":{},"branchMap":{},"s":{},"f":{},"b":{},"meta":{"lastBranch":0,"lastFunction":0,"lastStatement":0,"seen":{}}}
,"/home/cycledeviator/dev/gitProjects_Personal/my-spectrum-settings/src/App.tsx": {"path":"/home/cycledeviator/dev/gitProjects_Personal/my-spectrum-settings/src/App.tsx","statementMap":{"0":{"start":{"line":38,"column":17},"end":{"line":38,"column":null}},"1":{"start":{"line":39,"column":42},"end":{"line":39,"column":null}},"2":{"start":{"line":40,"column":19},"end":{"line":40,"column":null}},"3":{"start":{"line":43,"column":2},"end":{"line":52,"column":null}},"4":{"start":{"line":44,"column":18},"end":{"line":44,"column":null}},"5":{"start":{"line":45,"column":4},"end":{"line":51,"column":null}},"6":{"start":{"line":46,"column":20},"end":{"line":46,"column":null}},"7":{"start":{"line":47,"column":6},"end":{"line":50,"column":null}},"8":{"start":{"line":48,"column":8},"end":{"line":48,"column":null}},"9":{"start":{"line":49,"column":8},"end":{"line":49,"column":null}},"10":{"start":{"line":55,"column":15},"end":{"line":55,"column":null}},"11":{"start":{"line":57,"column":2},"end":{"line":57,"column":null}},"12":{"start":{"line":57,"column":19},"end":{"line":57,"column":null}},"13":{"start":{"line":59,"column":2},"end":{"line":59,"column":null}},"14":{"start":{"line":67,"column":42},"end":{"line":67,"column":null}},"15":{"start":{"line":68,"column":2},"end":{"line":70,"column":null}},"16":{"start":{"line":69,"column":4},"end":{"line":69,"column":null}},"17":{"start":{"line":71,"column":2},"end":{"line":71,"column":null}},"18":{"start":{"line":84,"column":28},"end":{"line":84,"column":null}},"19":{"start":{"line":87,"column":40},"end":{"line":87,"column":null}},"20":{"start":{"line":90,"column":28},"end":{"line":90,"column":null}},"21":{"start":{"line":93,"column":44},"end":{"line":93,"column":null}},"22":{"start":{"line":96,"column":40},"end":{"line":96,"column":null}},"23":{"start":{"line":99,"column":42},"end":{"line":99,"column":null}},"24":{"start":{"line":102,"column":34},"end":{"line":102,"column":null}},"25":{"start":{"line":110,"column":2},"end":{"line":158,"column":null}},"26":{"start":{"line":112,"column":6},"end":{"line":135,"column":null}},"27":{"start":{"line":114,"column":24},"end":{"line":114,"column":null}},"28":{"start":{"line":115,"column":8},"end":{"line":128,"column":null}},"29":{"start":{"line":117,"column":10},"end":{"line":120,"column":null}},"30":{"start":{"line":117,"column":30},"end":{"line":120,"column":12}},"31":{"start":{"line":121,"column":10},"end":{"line":123,"column":null}},"32":{"start":{"line":122,"column":12},"end":{"line":122,"column":null}},"33":{"start":{"line":125,"column":10},"end":{"line":125,"column":null}},"34":{"start":{"line":127,"column":10},"end":{"line":127,"column":null}},"35":{"start":{"line":130,"column":8},"end":{"line":130,"column":null}},"36":{"start":{"line":132,"column":8},"end":{"line":132,"column":null}},"37":{"start":{"line":134,"column":8},"end":{"line":134,"column":null}},"38":{"start":{"line":138,"column":4},"end":{"line":138,"column":null}},"39":{"start":{"line":141,"column":25},"end":{"line":144,"column":null}},"40":{"start":{"line":142,"column":6},"end":{"line":142,"column":null}},"41":{"start":{"line":146,"column":26},"end":{"line":148,"column":null}},"42":{"start":{"line":147,"column":6},"end":{"line":147,"column":null}},"43":{"start":{"line":150,"column":4},"end":{"line":150,"column":null}},"44":{"start":{"line":151,"column":4},"end":{"line":151,"column":null}},"45":{"start":{"line":154,"column":4},"end":{"line":157,"column":null}},"46":{"start":{"line":155,"column":6},"end":{"line":155,"column":null}},"47":{"start":{"line":156,"column":6},"end":{"line":156,"column":null}},"48":{"start":{"line":164,"column":2},"end":{"line":166,"column":null}},"49":{"start":{"line":165,"column":4},"end":{"line":165,"column":null}},"50":{"start":{"line":181,"column":4},"end":{"line":184,"column":null}},"51":{"start":{"line":181,"column":26},"end":{"line":184,"column":6}},"52":{"start":{"line":191,"column":4},"end":{"line":191,"column":null}},"53":{"start":{"line":198,"column":49},"end":{"line":198,"column":null}},"54":{"start":{"line":199,"column":4},"end":{"line":201,"column":null}},"55":{"start":{"line":200,"column":6},"end":{"line":200,"column":null}},"56":{"start":{"line":202,"column":4},"end":{"line":202,"column":null}},"57":{"start":{"line":210,"column":4},"end":{"line":210,"column":null}},"58":{"start":{"line":211,"column":4},"end":{"line":211,"column":null}},"59":{"start":{"line":213,"column":4},"end":{"line":213,"column":null}},"60":{"start":{"line":221,"column":10},"end":{"line":227,"column":null}},"61":{"start":{"line":230,"column":17},"end":{"line":230,"column":null}},"62":{"start":{"line":231,"column":16},"end":{"line":231,"column":null}},"63":{"start":{"line":233,"column":17},"end":{"line":233,"column":null}},"64":{"start":{"line":234,"column":4},"end":{"line":234,"column":null}},"65":{"start":{"line":235,"column":4},"end":{"line":235,"column":null}},"66":{"start":{"line":236,"column":4},"end":{"line":236,"column":null}},"67":{"start":{"line":239,"column":4},"end":{"line":239,"column":null}},"68":{"start":{"line":243,"column":2},"end":{"line":245,"column":null}},"69":{"start":{"line":244,"column":4},"end":{"line":244,"column":null}},"70":{"start":{"line":248,"column":2},"end":{"line":256,"column":null}},"71":{"start":{"line":249,"column":4},"end":{"line":254,"column":null}},"72":{"start":{"line":259,"column":2},"end":{"line":495,"column":null}},"73":{"start":{"line":302,"column":34},"end":{"line":302,"column":null}},"74":{"start":{"line":306,"column":12},"end":{"line":315,"column":null}},"75":{"start":{"line":313,"column":18},"end":{"line":313,"column":null}},"76":{"start":{"line":335,"column":29},"end":{"line":335,"column":null}},"77":{"start":{"line":357,"column":16},"end":{"line":357,"column":null}},"78":{"start":{"line":485,"column":23},"end":{"line":485,"column":null}}},"fnMap":{"0":{"name":"parseUrlMetrics","decl":{"start":{"line":37,"column":9},"end":{"line":37,"column":92}},"loc":{"start":{"line":37,"column":92},"end":{"line":60,"column":null}},"line":37},"1":{"name":"getInitialMetrics","decl":{"start":{"line":66,"column":9},"end":{"line":66,"column":44}},"loc":{"start":{"line":66,"column":44},"end":{"line":72,"column":null}},"line":66},"2":{"name":"App","decl":{"start":{"line":82,"column":24},"end":{"line":82,"column":43}},"loc":{"start":{"line":82,"column":43},"end":{"line":497,"column":null}},"line":82},"3":{"name":"(anonymous_3)","decl":{"start":{"line":110,"column":12},"end":{"line":110,"column":18}},"loc":{"start":{"line":110,"column":18},"end":{"line":158,"column":5}},"line":110},"4":{"name":"initializeApp","decl":{"start":{"line":111,"column":19},"end":{"line":111,"column":50}},"loc":{"start":{"line":111,"column":50},"end":{"line":136,"column":null}},"line":111},"5":{"name":"(anonymous_5)","decl":{"start":{"line":117,"column":21},"end":{"line":117,"column":30}},"loc":{"start":{"line":117,"column":30},"end":{"line":120,"column":12}},"line":117},"6":{"name":"(anonymous_6)","decl":{"start":{"line":141,"column":25},"end":{"line":141,"column":31}},"loc":{"start":{"line":141,"column":31},"end":{"line":144,"column":null}},"line":141},"7":{"name":"(anonymous_7)","decl":{"start":{"line":146,"column":26},"end":{"line":146,"column":32}},"loc":{"start":{"line":146,"column":32},"end":{"line":148,"column":null}},"line":146},"8":{"name":"(anonymous_8)","decl":{"start":{"line":154,"column":11},"end":{"line":154,"column":17}},"loc":{"start":{"line":154,"column":17},"end":{"line":157,"column":null}},"line":154},"9":{"name":"(anonymous_9)","decl":{"start":{"line":164,"column":12},"end":{"line":164,"column":18}},"loc":{"start":{"line":164,"column":18},"end":{"line":166,"column":5}},"line":164},"10":{"name":"handleMetricChange","decl":{"start":{"line":176,"column":11},"end":{"line":176,"column":null}},"loc":{"start":{"line":179,"column":10},"end":{"line":185,"column":null}},"line":179},"11":{"name":"(anonymous_11)","decl":{"start":{"line":181,"column":15},"end":{"line":181,"column":16}},"loc":{"start":{"line":181,"column":26},"end":{"line":184,"column":6}},"line":181},"12":{"name":"handleDismissSharedName","decl":{"start":{"line":190,"column":11},"end":{"line":190,"column":43}},"loc":{"start":{"line":190,"column":43},"end":{"line":192,"column":null}},"line":190},"13":{"name":"handleResetAll","decl":{"start":{"line":197,"column":11},"end":{"line":197,"column":34}},"loc":{"start":{"line":197,"column":34},"end":{"line":203,"column":null}},"line":197},"14":{"name":"handleSwitchToEditor","decl":{"start":{"line":209,"column":11},"end":{"line":209,"column":40}},"loc":{"start":{"line":209,"column":40},"end":{"line":214,"column":null}},"line":209},"15":{"name":"handleDownloadCSV","decl":{"start":{"line":220,"column":17},"end":{"line":220,"column":52}},"loc":{"start":{"line":220,"column":52},"end":{"line":240,"column":null}},"line":220},"16":{"name":"(anonymous_16)","decl":{"start":{"line":300,"column":41},"end":{"line":300,"column":42}},"loc":{"start":{"line":300,"column":57},"end":{"line":317,"column":11}},"line":300},"17":{"name":"(anonymous_17)","decl":{"start":{"line":312,"column":26},"end":{"line":312,"column":27}},"loc":{"start":{"line":313,"column":18},"end":{"line":313,"column":null}},"line":313},"18":{"name":"(anonymous_18)","decl":{"start":{"line":335,"column":23},"end":{"line":335,"column":29}},"loc":{"start":{"line":335,"column":29},"end":{"line":335,"column":null}},"line":335},"19":{"name":"(anonymous_19)","decl":{"start":{"line":356,"column":23},"end":{"line":356,"column":29}},"loc":{"start":{"line":356,"column":29},"end":{"line":358,"column":null}},"line":356},"20":{"name":"(anonymous_20)","decl":{"start":{"line":485,"column":17},"end":{"line":485,"column":23}},"loc":{"start":{"line":485,"column":23},"end":{"line":485,"column":null}},"line":485}},"branchMap":{"0":{"loc":{"start":{"line":45,"column":4},"end":{"line":51,"column":null}},"type":"if","locations":[{"start":{"line":45,"column":4},"end":{"line":51,"column":null}},{"start":{},"end":{}}],"line":45},"1":{"loc":{"start":{"line":47,"column":6},"end":{"line":50,"column":null}},"type":"if","locations":[{"start":{"line":47,"column":6},"end":{"line":50,"column":null}},{"start":{},"end":{}}],"line":47},"2":{"loc":{"start":{"line":57,"column":2},"end":{"line":57,"column":null}},"type":"if","locations":[{"start":{"line":57,"column":2},"end":{"line":57,"column":null}},{"start":{},"end":{}}],"line":57},"3":{"loc":{"start":{"line":115,"column":8},"end":{"line":128,"column":null}},"type":"if","locations":[{"start":{"line":115,"column":8},"end":{"line":128,"column":null}},{"start":{},"end":{}}],"line":115},"4":{"loc":{"start":{"line":121,"column":10},"end":{"line":123,"column":null}},"type":"if","locations":[{"start":{"line":121,"column":10},"end":{"line":123,"column":null}},{"start":{},"end":{}}],"line":121},"5":{"loc":{"start":{"line":243,"column":2},"end":{"line":245,"column":null}},"type":"if","locations":[{"start":{"line":243,"column":2},"end":{"line":245,"column":null}},{"start":{},"end":{}}],"line":243},"6":{"loc":{"start":{"line":248,"column":2},"end":{"line":256,"column":null}},"type":"if","locations":[{"start":{"line":248,"column":2},"end":{"line":256,"column":null}},{"start":{},"end":{}}],"line":248},"7":{"loc":{"start":{"line":267,"column":7},"end":{"line":277,"column":null}},"type":"binary-expr","locations":[{"start":{"line":267,"column":7},"end":{"line":267,"column":null}},{"start":{"line":268,"column":8},"end":{"line":277,"column":null}}],"line":267},"8":{"loc":{"start":{"line":361,"column":15},"end":{"line":361,"column":null}},"type":"cond-expr","locations":[{"start":{"line":361,"column":31},"end":{"line":361,"column":45}},{"start":{"line":361,"column":45},"end":{"line":361,"column":null}}],"line":361},"9":{"loc":{"start":{"line":367,"column":9},"end":{"line":378,"column":null}},"type":"binary-expr","locations":[{"start":{"line":367,"column":9},"end":{"line":367,"column":null}},{"start":{"line":368,"column":10},"end":{"line":378,"column":null}}],"line":367}},"s":{"0":27,"1":27,"2":27,"3":27,"4":162,"5":162,"6":30,"7":30,"8":30,"9":30,"10":27,"11":27,"12":22,"13":5,"14":79,"15":79,"16":474,"17":79,"18":78,"19":78,"20":78,"21":78,"22":78,"23":78,"24":78,"25":78,"26":27,"27":27,"28":27,"29":5,"30":5,"31":5,"32":1,"33":5,"34":5,"35":27,"36":0,"37":0,"38":27,"39":27,"40":0,"41":27,"42":0,"43":27,"44":27,"45":27,"46":27,"47":27,"48":78,"49":38,"50":4,"51":4,"52":0,"53":1,"54":1,"55":6,"56":1,"57":1,"58":1,"59":1,"60":0,"61":0,"62":0,"63":0,"64":0,"65":0,"66":0,"67":0,"68":78,"69":27,"70":51,"71":10,"72":41,"73":246,"74":246,"75":4,"76":4,"77":2,"78":1},"f":{"0":27,"1":79,"2":78,"3":27,"4":27,"5":5,"6":0,"7":0,"8":27,"9":38,"10":4,"11":4,"12":0,"13":1,"14":1,"15":0,"16":246,"17":4,"18":4,"19":2,"20":1},"b":{"0":[30,132],"1":[30,0],"2":[22,5],"3":[5,22],"4":[1,4],"5":[27,51],"6":[10,41],"7":[41,0],"8":[2,39],"9":[78,2]},"meta":{"lastBranch":10,"lastFunction":21,"lastStatement":79,"seen":{"f:37:9:37:92":0,"s:38:17:38:Infinity":0,"s:39:42:39:Infinity":1,"s:40:19:40:Infinity":2,"s:43:2:52:Infinity":3,"s:44:18:44:Infinity":4,"b:45:4:51:Infinity:undefined:undefined:undefined:undefined":0,"s:45:4:51:Infinity":5,"s:46:20:46:Infinity":6,"b:47:6:50:Infinity:undefined:undefined:undefined:undefined":1,"s:47:6:50:Infinity":7,"s:48:8:48:Infinity":8,"s:49:8:49:Infinity":9,"s:55:15:55:Infinity":10,"b:57:2:57:Infinity:undefined:undefined:undefined:undefined":2,"s:57:2:57:Infinity":11,"s:57:19:57:Infinity":12,"s:59:2:59:Infinity":13,"f:66:9:66:44":1,"s:67:42:67:Infinity":14,"s:68:2:70:Infinity":15,"s:69:4:69:Infinity":16,"s:71:2:71:Infinity":17,"f:82:24:82:43":2,"s:84:28:84:Infinity":18,"s:87:40:87:Infinity":19,"s:90:28:90:Infinity":20,"s:93:44:93:Infinity":21,"s:96:40:96:Infinity":22,"s:99:42:99:Infinity":23,"s:102:34:102:Infinity":24,"s:110:2:158:Infinity":25,"f:110:12:110:18":3,"f:111:19:111:50":4,"s:112:6:135:Infinity":26,"s:114:24:114:Infinity":27,"b:115:8:128:Infinity:undefined:undefined:undefined:undefined":3,"s:115:8:128:Infinity":28,"s:117:10:120:Infinity":29,"f:117:21:117:30":5,"s:117:30:120:12":30,"b:121:10:123:Infinity:undefined:undefined:undefined:undefined":4,"s:121:10:123:Infinity":31,"s:122:12:122:Infinity":32,"s:125:10:125:Infinity":33,"s:127:10:127:Infinity":34,"s:130:8:130:Infinity":35,"s:132:8:132:Infinity":36,"s:134:8:134:Infinity":37,"s:138:4:138:Infinity":38,"s:141:25:144:Infinity":39,"f:141:25:141:31":6,"s:142:6:142:Infinity":40,"s:146:26:148:Infinity":41,"f:146:26:146:32":7,"s:147:6:147:Infinity":42,"s:150:4:150:Infinity":43,"s:151:4:151:Infinity":44,"s:154:4:157:Infinity":45,"f:154:11:154:17":8,"s:155:6:155:Infinity":46,"s:156:6:156:Infinity":47,"s:164:2:166:Infinity":48,"f:164:12:164:18":9,"s:165:4:165:Infinity":49,"f:176:11:176:Infinity":10,"s:181:4:184:Infinity":50,"f:181:15:181:16":11,"s:181:26:184:6":51,"f:190:11:190:43":12,"s:191:4:191:Infinity":52,"f:197:11:197:34":13,"s:198:49:198:Infinity":53,"s:199:4:201:Infinity":54,"s:200:6:200:Infinity":55,"s:202:4:202:Infinity":56,"f:209:11:209:40":14,"s:210:4:210:Infinity":57,"s:211:4:211:Infinity":58,"s:213:4:213:Infinity":59,"f:220:17:220:52":15,"s:221:10:227:Infinity":60,"s:230:17:230:Infinity":61,"s:231:16:231:Infinity":62,"s:233:17:233:Infinity":63,"s:234:4:234:Infinity":64,"s:235:4:235:Infinity":65,"s:236:4:236:Infinity":66,"s:239:4:239:Infinity":67,"b:243:2:245:Infinity:undefined:undefined:undefined:undefined":5,"s:243:2:245:Infinity":68,"s:244:4:244:Infinity":69,"b:248:2:256:Infinity:undefined:undefined:undefined:undefined":6,"s:248:2:256:Infinity":70,"s:249:4:254:Infinity":71,"s:259:2:495:Infinity":72,"b:267:7:267:Infinity:268:8:277:Infinity":7,"f:300:41:300:42":16,"s:302:34:302:Infinity":73,"s:306:12:315:Infinity":74,"f:312:26:312:27":17,"s:313:18:313:Infinity":75,"f:335:23:335:29":18,"s:335:29:335:Infinity":76,"f:356:23:356:29":19,"s:357:16:357:Infinity":77,"b:361:31:361:45:361:45:361:Infinity":8,"b:367:9:367:Infinity:368:10:378:Infinity":9,"f:485:17:485:23":20,"s:485:23:485:Infinity":78}}}
,"/home/cycledeviator/dev/gitProjects_Personal/my-spectrum-settings/src/components/MetricSlider.tsx": {"path":"/home/cycledeviator/dev/gitProjects_Personal/my-spectrum-settings/src/components/MetricSlider.tsx","statementMap":{"0":{"start":{"line":53,"column":49},"end":{"line":104,"column":null}},"1":{"start":{"line":112,"column":2},"end":{"line":115,"column":null}},"2":{"start":{"line":135,"column":30},"end":{"line":135,"column":null}},"3":{"start":{"line":138,"column":8},"end":{"line":138,"column":null}},"4":{"start":{"line":144,"column":21},"end":{"line":144,"column":null}},"5":{"start":{"line":145,"column":4},"end":{"line":145,"column":null}},"6":{"start":{"line":153,"column":25},"end":{"line":153,"column":null}},"7":{"start":{"line":154,"column":19},"end":{"line":154,"column":null}},"8":{"start":{"line":156,"column":4},"end":{"line":185,"column":null}},"9":{"start":{"line":159,"column":8},"end":{"line":159,"column":null}},"10":{"start":{"line":160,"column":8},"end":{"line":160,"column":null}},"11":{"start":{"line":161,"column":8},"end":{"line":161,"column":null}},"12":{"start":{"line":164,"column":8},"end":{"line":164,"column":null}},"13":{"start":{"line":165,"column":8},"end":{"line":165,"column":null}},"14":{"start":{"line":166,"column":8},"end":{"line":166,"column":null}},"15":{"start":{"line":168,"column":8},"end":{"line":168,"column":null}},"16":{"start":{"line":169,"column":8},"end":{"line":169,"column":null}},"17":{"start":{"line":170,"column":8},"end":{"line":170,"column":null}},"18":{"start":{"line":172,"column":8},"end":{"line":172,"column":null}},"19":{"start":{"line":173,"column":8},"end":{"line":173,"column":null}},"20":{"start":{"line":174,"column":8},"end":{"line":174,"column":null}},"21":{"start":{"line":176,"column":8},"end":{"line":176,"column":null}},"22":{"start":{"line":177,"column":8},"end":{"line":177,"column":null}},"23":{"start":{"line":178,"column":8},"end":{"line":178,"column":null}},"24":{"start":{"line":180,"column":8},"end":{"line":180,"column":null}},"25":{"start":{"line":181,"column":8},"end":{"line":181,"column":null}},"26":{"start":{"line":182,"column":8},"end":{"line":182,"column":null}},"27":{"start":{"line":184,"column":8},"end":{"line":184,"column":null}},"28":{"start":{"line":187,"column":4},"end":{"line":189,"column":null}},"29":{"start":{"line":188,"column":6},"end":{"line":188,"column":null}},"30":{"start":{"line":197,"column":4},"end":{"line":207,"column":null}},"31":{"start":{"line":199,"column":8},"end":{"line":199,"column":null}},"32":{"start":{"line":200,"column":8},"end":{"line":200,"column":null}},"33":{"start":{"line":202,"column":8},"end":{"line":202,"column":null}},"34":{"start":{"line":203,"column":8},"end":{"line":203,"column":null}},"35":{"start":{"line":205,"column":8},"end":{"line":205,"column":null}},"36":{"start":{"line":206,"column":8},"end":{"line":206,"column":null}},"37":{"start":{"line":208,"column":4},"end":{"line":208,"column":null}},"38":{"start":{"line":209,"column":4},"end":{"line":209,"column":null}},"39":{"start":{"line":211,"column":4},"end":{"line":211,"column":null}},"40":{"start":{"line":211,"column":21},"end":{"line":211,"column":41}},"41":{"start":{"line":218,"column":4},"end":{"line":218,"column":null}},"42":{"start":{"line":219,"column":4},"end":{"line":219,"column":null}},"43":{"start":{"line":221,"column":4},"end":{"line":221,"column":null}},"44":{"start":{"line":221,"column":21},"end":{"line":221,"column":41}},"45":{"start":{"line":226,"column":4},"end":{"line":226,"column":null}},"46":{"start":{"line":228,"column":8},"end":{"line":228,"column":null}},"47":{"start":{"line":230,"column":2},"end":{"line":332,"column":null}},"48":{"start":{"line":269,"column":27},"end":{"line":269,"column":null}},"49":{"start":{"line":270,"column":26},"end":{"line":270,"column":null}},"50":{"start":{"line":271,"column":31},"end":{"line":271,"column":null}},"51":{"start":{"line":272,"column":29},"end":{"line":272,"column":null}},"52":{"start":{"line":273,"column":32},"end":{"line":273,"column":null}},"53":{"start":{"line":274,"column":30},"end":{"line":274,"column":null}},"54":{"start":{"line":285,"column":14},"end":{"line":285,"column":null}},"55":{"start":{"line":299,"column":27},"end":{"line":299,"column":null}},"56":{"start":{"line":307,"column":27},"end":{"line":307,"column":null}},"57":{"start":{"line":315,"column":27},"end":{"line":315,"column":null}}},"fnMap":{"0":{"name":"getMetricIcon","decl":{"start":{"line":111,"column":9},"end":{"line":111,"column":23}},"loc":{"start":{"line":111,"column":54},"end":{"line":117,"column":null}},"line":111},"1":{"name":"MetricSlider","decl":{"start":{"line":128,"column":24},"end":{"line":128,"column":37}},"loc":{"start":{"line":133,"column":35},"end":{"line":334,"column":null}},"line":133},"2":{"name":"handleChange","decl":{"start":{"line":143,"column":11},"end":{"line":143,"column":24}},"loc":{"start":{"line":143,"column":74},"end":{"line":146,"column":null}},"line":143},"3":{"name":"handleKeyDown","decl":{"start":{"line":152,"column":11},"end":{"line":152,"column":25}},"loc":{"start":{"line":152,"column":77},"end":{"line":190,"column":null}},"line":152},"4":{"name":"handlePreset","decl":{"start":{"line":195,"column":11},"end":{"line":195,"column":24}},"loc":{"start":{"line":195,"column":65},"end":{"line":212,"column":null}},"line":195},"5":{"name":"(anonymous_5)","decl":{"start":{"line":211,"column":15},"end":{"line":211,"column":21}},"loc":{"start":{"line":211,"column":21},"end":{"line":211,"column":41}},"line":211},"6":{"name":"handleReset","decl":{"start":{"line":217,"column":11},"end":{"line":217,"column":31}},"loc":{"start":{"line":217,"column":31},"end":{"line":222,"column":null}},"line":217},"7":{"name":"(anonymous_7)","decl":{"start":{"line":221,"column":15},"end":{"line":221,"column":21}},"loc":{"start":{"line":221,"column":21},"end":{"line":221,"column":41}},"line":221},"8":{"name":"(anonymous_8)","decl":{"start":{"line":269,"column":21},"end":{"line":269,"column":27}},"loc":{"start":{"line":269,"column":27},"end":{"line":269,"column":null}},"line":269},"9":{"name":"(anonymous_9)","decl":{"start":{"line":270,"column":20},"end":{"line":270,"column":26}},"loc":{"start":{"line":270,"column":26},"end":{"line":270,"column":null}},"line":270},"10":{"name":"(anonymous_10)","decl":{"start":{"line":271,"column":25},"end":{"line":271,"column":31}},"loc":{"start":{"line":271,"column":31},"end":{"line":271,"column":null}},"line":271},"11":{"name":"(anonymous_11)","decl":{"start":{"line":272,"column":23},"end":{"line":272,"column":29}},"loc":{"start":{"line":272,"column":29},"end":{"line":272,"column":null}},"line":272},"12":{"name":"(anonymous_12)","decl":{"start":{"line":273,"column":26},"end":{"line":273,"column":32}},"loc":{"start":{"line":273,"column":32},"end":{"line":273,"column":null}},"line":273},"13":{"name":"(anonymous_13)","decl":{"start":{"line":274,"column":24},"end":{"line":274,"column":30}},"loc":{"start":{"line":274,"column":30},"end":{"line":274,"column":null}},"line":274},"14":{"name":"(anonymous_14)","decl":{"start":{"line":284,"column":31},"end":{"line":284,"column":32}},"loc":{"start":{"line":285,"column":14},"end":{"line":285,"column":null}},"line":285},"15":{"name":"(anonymous_15)","decl":{"start":{"line":299,"column":21},"end":{"line":299,"column":27}},"loc":{"start":{"line":299,"column":27},"end":{"line":299,"column":null}},"line":299},"16":{"name":"(anonymous_16)","decl":{"start":{"line":307,"column":21},"end":{"line":307,"column":27}},"loc":{"start":{"line":307,"column":27},"end":{"line":307,"column":null}},"line":307},"17":{"name":"(anonymous_17)","decl":{"start":{"line":315,"column":21},"end":{"line":315,"column":27}},"loc":{"start":{"line":315,"column":27},"end":{"line":315,"column":null}},"line":315}},"branchMap":{"0":{"loc":{"start":{"line":112,"column":9},"end":{"line":115,"column":null}},"type":"binary-expr","locations":[{"start":{"line":112,"column":9},"end":{"line":112,"column":null}},{"start":{"line":113,"column":4},"end":{"line":115,"column":null}}],"line":112},"1":{"loc":{"start":{"line":156,"column":4},"end":{"line":185,"column":null}},"type":"switch","locations":[{"start":{"line":157,"column":6},"end":{"line":157,"column":null}},{"start":{"line":158,"column":6},"end":{"line":161,"column":null}},{"start":{"line":162,"column":6},"end":{"line":162,"column":null}},{"start":{"line":163,"column":6},"end":{"line":166,"column":null}},{"start":{"line":167,"column":6},"end":{"line":170,"column":null}},{"start":{"line":171,"column":6},"end":{"line":174,"column":null}},{"start":{"line":175,"column":6},"end":{"line":178,"column":null}},{"start":{"line":179,"column":6},"end":{"line":182,"column":null}},{"start":{"line":183,"column":6},"end":{"line":184,"column":null}}],"line":156},"2":{"loc":{"start":{"line":187,"column":4},"end":{"line":189,"column":null}},"type":"if","locations":[{"start":{"line":187,"column":4},"end":{"line":189,"column":null}},{"start":{},"end":{}}],"line":187},"3":{"loc":{"start":{"line":197,"column":4},"end":{"line":207,"column":null}},"type":"switch","locations":[{"start":{"line":198,"column":6},"end":{"line":200,"column":null}},{"start":{"line":201,"column":6},"end":{"line":203,"column":null}},{"start":{"line":204,"column":6},"end":{"line":206,"column":null}}],"line":197},"4":{"loc":{"start":{"line":226,"column":4},"end":{"line":226,"column":null}},"type":"cond-expr","locations":[{"start":{"line":226,"column":30},"end":{"line":226,"column":58}},{"start":{"line":226,"column":58},"end":{"line":226,"column":null}}],"line":226},"5":{"loc":{"start":{"line":226,"column":4},"end":{"line":226,"column":30}},"type":"binary-expr","locations":[{"start":{"line":226,"column":4},"end":{"line":226,"column":14}},{"start":{"line":226,"column":14},"end":{"line":226,"column":30}}],"line":226},"6":{"loc":{"start":{"line":246,"column":30},"end":{"line":246,"column":58}},"type":"cond-expr","locations":[{"start":{"line":246,"column":41},"end":{"line":246,"column":56}},{"start":{"line":246,"column":56},"end":{"line":246,"column":58}}],"line":246}},"s":{"0":2,"1":254,"2":254,"3":254,"4":4,"5":4,"6":0,"7":0,"8":0,"9":0,"10":0,"11":0,"12":0,"13":0,"14":0,"15":0,"16":0,"17":0,"18":0,"19":0,"20":0,"21":0,"22":0,"23":0,"24":0,"25":0,"26":0,"27":0,"28":0,"29":0,"30":1,"31":0,"32":0,"33":0,"34":0,"35":1,"36":1,"37":1,"38":1,"39":1,"40":1,"41":0,"42":0,"43":0,"44":0,"45":254,"46":254,"47":254,"48":0,"49":0,"50":0,"51":0,"52":0,"53":0,"54":1524,"55":0,"56":0,"57":1},"f":{"0":254,"1":254,"2":4,"3":0,"4":1,"5":1,"6":0,"7":0,"8":0,"9":0,"10":0,"11":0,"12":0,"13":0,"14":1524,"15":0,"16":0,"17":1},"b":{"0":[254,0],"1":[0,0,0,0,0,0,0,0,0],"2":[0,0],"3":[0,0,1],"4":[254,0],"5":[254,254],"6":[2,252]},"meta":{"lastBranch":7,"lastFunction":18,"lastStatement":58,"seen":{"s:53:49:104:Infinity":0,"f:111:9:111:23":0,"s:112:2:115:Infinity":1,"b:112:9:112:Infinity:113:4:115:Infinity":0,"f:128:24:128:37":1,"s:135:30:135:Infinity":2,"s:138:8:138:Infinity":3,"f:143:11:143:24":2,"s:144:21:144:Infinity":4,"s:145:4:145:Infinity":5,"f:152:11:152:25":3,"s:153:25:153:Infinity":6,"s:154:19:154:Infinity":7,"b:157:6:157:Infinity:158:6:161:Infinity:162:6:162:Infinity:163:6:166:Infinity:167:6:170:Infinity:171:6:174:Infinity:175:6:178:Infinity:179:6:182:Infinity:183:6:184:Infinity":1,"s:156:4:185:Infinity":8,"s:159:8:159:Infinity":9,"s:160:8:160:Infinity":10,"s:161:8:161:Infinity":11,"s:164:8:164:Infinity":12,"s:165:8:165:Infinity":13,"s:166:8:166:Infinity":14,"s:168:8:168:Infinity":15,"s:169:8:169:Infinity":16,"s:170:8:170:Infinity":17,"s:172:8:172:Infinity":18,"s:173:8:173:Infinity":19,"s:174:8:174:Infinity":20,"s:176:8:176:Infinity":21,"s:177:8:177:Infinity":22,"s:178:8:178:Infinity":23,"s:180:8:180:Infinity":24,"s:181:8:181:Infinity":25,"s:182:8:182:Infinity":26,"s:184:8:184:Infinity":27,"b:187:4:189:Infinity:undefined:undefined:undefined:undefined":2,"s:187:4:189:Infinity":28,"s:188:6:188:Infinity":29,"f:195:11:195:24":4,"b:198:6:200:Infinity:201:6:203:Infinity:204:6:206:Infinity":3,"s:197:4:207:Infinity":30,"s:199:8:199:Infinity":31,"s:200:8:200:Infinity":32,"s:202:8:202:Infinity":33,"s:203:8:203:Infinity":34,"s:205:8:205:Infinity":35,"s:206:8:206:Infinity":36,"s:208:4:208:Infinity":37,"s:209:4:209:Infinity":38,"s:211:4:211:Infinity":39,"f:211:15:211:21":5,"s:211:21:211:41":40,"f:217:11:217:31":6,"s:218:4:218:Infinity":41,"s:219:4:219:Infinity":42,"s:221:4:221:Infinity":43,"f:221:15:221:21":7,"s:221:21:221:41":44,"s:226:4:226:Infinity":45,"b:226:30:226:58:226:58:226:Infinity":4,"b:226:4:226:14:226:14:226:30":5,"s:228:8:228:Infinity":46,"s:230:2:332:Infinity":47,"b:246:41:246:56:246:56:246:58":6,"f:269:21:269:27":8,"s:269:27:269:Infinity":48,"f:270:20:270:26":9,"s:270:26:270:Infinity":49,"f:271:25:271:31":10,"s:271:31:271:Infinity":50,"f:272:23:272:29":11,"s:272:29:272:Infinity":51,"f:273:26:273:32":12,"s:273:32:273:Infinity":52,"f:274:24:274:30":13,"s:274:30:274:Infinity":53,"f:284:31:284:32":14,"s:285:14:285:Infinity":54,"f:299:21:299:27":15,"s:299:27:299:Infinity":55,"f:307:21:307:27":16,"s:307:27:307:Infinity":56,"f:315:21:315:27":17,"s:315:27:315:Infinity":57}}}
,"/home/cycledeviator/dev/gitProjects_Personal/my-spectrum-settings/src/components/ProfileCard.tsx": {"path":"/home/cycledeviator/dev/gitProjects_Personal/my-spectrum-settings/src/components/ProfileCard.tsx","statementMap":{"0":{"start":{"line":44,"column":43},"end":{"line":51,"column":null}},"1":{"start":{"line":52,"column":2},"end":{"line":52,"column":null}},"2":{"start":{"line":65,"column":8},"end":{"line":65,"column":null}},"3":{"start":{"line":66,"column":21},"end":{"line":66,"column":null}},"4":{"start":{"line":67,"column":8},"end":{"line":67,"column":null}},"5":{"start":{"line":68,"column":27},"end":{"line":68,"column":null}},"6":{"start":{"line":70,"column":2},"end":{"line":120,"column":null}}},"fnMap":{"0":{"name":"getProfileCardColorClass","decl":{"start":{"line":43,"column":9},"end":{"line":43,"column":34}},"loc":{"start":{"line":43,"column":56},"end":{"line":53,"column":null}},"line":43},"1":{"name":"ProfileCard","decl":{"start":{"line":60,"column":24},"end":{"line":60,"column":36}},"loc":{"start":{"line":64,"column":34},"end":{"line":122,"column":null}},"line":64}},"branchMap":{"0":{"loc":{"start":{"line":52,"column":9},"end":{"line":52,"column":null}},"type":"binary-expr","locations":[{"start":{"line":52,"column":9},"end":{"line":52,"column":27}},{"start":{"line":52,"column":27},"end":{"line":52,"column":null}}],"line":52}},"s":{"0":246,"1":246,"2":246,"3":246,"4":246,"5":246,"6":246},"f":{"0":246,"1":246},"b":{"0":[246,1]},"meta":{"lastBranch":1,"lastFunction":2,"lastStatement":7,"seen":{"f:43:9:43:34":0,"s:44:43:51:Infinity":0,"s:52:2:52:Infinity":1,"b:52:9:52:27:52:27:52:Infinity":0,"f:60:24:60:36":1,"s:65:8:65:Infinity":2,"s:66:21:66:Infinity":3,"s:67:8:67:Infinity":4,"s:68:27:68:Infinity":5,"s:70:2:120:Infinity":6}}}
,"/home/cycledeviator/dev/gitProjects_Personal/my-spectrum-settings/src/components/ResourcesSection.tsx": {"path":"/home/cycledeviator/dev/gitProjects_Personal/my-spectrum-settings/src/components/ResourcesSection.tsx","statementMap":{"0":{"start":{"line":19,"column":2},"end":{"line":67,"column":null}},"1":{"start":{"line":32,"column":14},"end":{"line":42,"column":null}},"2":{"start":{"line":52,"column":14},"end":{"line":62,"column":null}}},"fnMap":{"0":{"name":"ResourcesSection","decl":{"start":{"line":18,"column":24},"end":{"line":18,"column":56}},"loc":{"start":{"line":18,"column":56},"end":{"line":69,"column":null}},"line":18},"1":{"name":"(anonymous_1)","decl":{"start":{"line":31,"column":33},"end":{"line":31,"column":34}},"loc":{"start":{"line":32,"column":14},"end":{"line":42,"column":null}},"line":32},"2":{"name":"(anonymous_2)","decl":{"start":{"line":51,"column":34},"end":{"line":51,"column":35}},"loc":{"start":{"line":52,"column":14},"end":{"line":62,"column":null}},"line":52}},"branchMap":{},"s":{"0":41,"1":246,"2":246},"f":{"0":41,"1":246,"2":246},"b":{},"meta":{"lastBranch":0,"lastFunction":3,"lastStatement":3,"seen":{"f:18:24:18:56":0,"s:19:2:67:Infinity":0,"f:31:33:31:34":1,"s:32:14:42:Infinity":1,"f:51:34:51:35":2,"s:52:14:62:Infinity":2}}}
,"/home/cycledeviator/dev/gitProjects_Personal/my-spectrum-settings/src/components/SectionNav.tsx": {"path":"/home/cycledeviator/dev/gitProjects_Personal/my-spectrum-settings/src/components/SectionNav.tsx","statementMap":{"0":{"start":{"line":20,"column":28},"end":{"line":26,"column":null}},"1":{"start":{"line":34,"column":40},"end":{"line":34,"column":null}},"2":{"start":{"line":40,"column":20},"end":{"line":40,"column":null}},"3":{"start":{"line":41,"column":4},"end":{"line":43,"column":null}},"4":{"start":{"line":42,"column":6},"end":{"line":42,"column":null}},"5":{"start":{"line":49,"column":2},"end":{"line":67,"column":null}},"6":{"start":{"line":51,"column":29},"end":{"line":51,"column":null}},"7":{"start":{"line":53,"column":6},"end":{"line":62,"column":null}},"8":{"start":{"line":54,"column":24},"end":{"line":54,"column":null}},"9":{"start":{"line":55,"column":8},"end":{"line":61,"column":null}},"10":{"start":{"line":56,"column":46},"end":{"line":56,"column":null}},"11":{"start":{"line":57,"column":10},"end":{"line":60,"column":null}},"12":{"start":{"line":58,"column":12},"end":{"line":58,"column":null}},"13":{"start":{"line":59,"column":12},"end":{"line":59,"column":null}},"14":{"start":{"line":65,"column":4},"end":{"line":65,"column":null}},"15":{"start":{"line":66,"column":4},"end":{"line":66,"column":null}},"16":{"start":{"line":66,"column":17},"end":{"line":66,"column":null}},"17":{"start":{"line":69,"column":2},"end":{"line":82,"column":null}},"18":{"start":{"line":72,"column":8},"end":{"line":80,"column":null}},"19":{"start":{"line":74,"column":25},"end":{"line":74,"column":null}}},"fnMap":{"0":{"name":"SectionNav","decl":{"start":{"line":33,"column":24},"end":{"line":33,"column":50}},"loc":{"start":{"line":33,"column":50},"end":{"line":84,"column":null}},"line":33},"1":{"name":"scrollToSection","decl":{"start":{"line":39,"column":11},"end":{"line":39,"column":27}},"loc":{"start":{"line":39,"column":52},"end":{"line":44,"column":null}},"line":39},"2":{"name":"(anonymous_2)","decl":{"start":{"line":49,"column":12},"end":{"line":49,"column":18}},"loc":{"start":{"line":49,"column":18},"end":{"line":67,"column":5}},"line":49},"3":{"name":"handleScroll","decl":{"start":{"line":50,"column":13},"end":{"line":50,"column":34}},"loc":{"start":{"line":50,"column":34},"end":{"line":63,"column":null}},"line":50},"4":{"name":"(anonymous_4)","decl":{"start":{"line":66,"column":11},"end":{"line":66,"column":17}},"loc":{"start":{"line":66,"column":17},"end":{"line":66,"column":null}},"line":66},"5":{"name":"(anonymous_5)","decl":{"start":{"line":71,"column":20},"end":{"line":71,"column":21}},"loc":{"start":{"line":72,"column":8},"end":{"line":80,"column":null}},"line":72},"6":{"name":"(anonymous_6)","decl":{"start":{"line":74,"column":19},"end":{"line":74,"column":25}},"loc":{"start":{"line":74,"column":25},"end":{"line":74,"column":null}},"line":74}},"branchMap":{"0":{"loc":{"start":{"line":41,"column":4},"end":{"line":43,"column":null}},"type":"if","locations":[{"start":{"line":41,"column":4},"end":{"line":43,"column":null}},{"start":{},"end":{}}],"line":41},"1":{"loc":{"start":{"line":55,"column":8},"end":{"line":61,"column":null}},"type":"if","locations":[{"start":{"line":55,"column":8},"end":{"line":61,"column":null}},{"start":{},"end":{}}],"line":55},"2":{"loc":{"start":{"line":57,"column":10},"end":{"line":60,"column":null}},"type":"if","locations":[{"start":{"line":57,"column":10},"end":{"line":60,"column":null}},{"start":{},"end":{}}],"line":57},"3":{"loc":{"start":{"line":57,"column":14},"end":{"line":57,"column":88}},"type":"binary-expr","locations":[{"start":{"line":57,"column":14},"end":{"line":57,"column":45}},{"start":{"line":57,"column":45},"end":{"line":57,"column":88}}],"line":57},"4":{"loc":{"start":{"line":75,"column":41},"end":{"line":75,"column":85}},"type":"cond-expr","locations":[{"start":{"line":75,"column":72},"end":{"line":75,"column":83}},{"start":{"line":75,"column":83},"end":{"line":75,"column":85}}],"line":75},"5":{"loc":{"start":{"line":76,"column":24},"end":{"line":76,"column":null}},"type":"cond-expr","locations":[{"start":{"line":76,"column":55},"end":{"line":76,"column":64}},{"start":{"line":76,"column":64},"end":{"line":76,"column":null}}],"line":76}},"s":{"0":1,"1":41,"2":0,"3":0,"4":0,"5":41,"6":0,"7":0,"8":0,"9":0,"10":0,"11":0,"12":0,"13":0,"14":23,"15":23,"16":23,"17":41,"18":205,"19":0},"f":{"0":41,"1":0,"2":23,"3":0,"4":23,"5":205,"6":0},"b":{"0":[0,0],"1":[0,0],"2":[0,0],"3":[0,0],"4":[41,164],"5":[41,164]},"meta":{"lastBranch":6,"lastFunction":7,"lastStatement":20,"seen":{"s:20:28:26:Infinity":0,"f:33:24:33:50":0,"s:34:40:34:Infinity":1,"f:39:11:39:27":1,"s:40:20:40:Infinity":2,"b:41:4:43:Infinity:undefined:undefined:undefined:undefined":0,"s:41:4:43:Infinity":3,"s:42:6:42:Infinity":4,"s:49:2:67:Infinity":5,"f:49:12:49:18":2,"f:50:13:50:34":3,"s:51:29:51:Infinity":6,"s:53:6:62:Infinity":7,"s:54:24:54:Infinity":8,"b:55:8:61:Infinity:undefined:undefined:undefined:undefined":1,"s:55:8:61:Infinity":9,"s:56:46:56:Infinity":10,"b:57:10:60:Infinity:undefined:undefined:undefined:undefined":2,"s:57:10:60:Infinity":11,"b:57:14:57:45:57:45:57:88":3,"s:58:12:58:Infinity":12,"s:59:12:59:Infinity":13,"s:65:4:65:Infinity":14,"s:66:4:66:Infinity":15,"f:66:11:66:17":4,"s:66:17:66:Infinity":16,"s:69:2:82:Infinity":17,"f:71:20:71:21":5,"s:72:8:80:Infinity":18,"f:74:19:74:25":6,"s:74:25:74:Infinity":19,"b:75:72:75:83:75:83:75:85":4,"b:76:55:76:64:76:64:76:Infinity":5}}}
,"/home/cycledeviator/dev/gitProjects_Personal/my-spectrum-settings/src/components/ShareModal.tsx": {"path":"/home/cycledeviator/dev/gitProjects_Personal/my-spectrum-settings/src/components/ShareModal.tsx","statementMap":{"0":{"start":{"line":26,"column":51},"end":{"line":33,"column":null}},"1":{"start":{"line":38,"column":58},"end":{"line":45,"column":null}},"2":{"start":{"line":51,"column":18},"end":{"line":51,"column":null}},"3":{"start":{"line":52,"column":17},"end":{"line":52,"column":null}},"4":{"start":{"line":55,"column":2},"end":{"line":57,"column":null}},"5":{"start":{"line":56,"column":4},"end":{"line":56,"column":null}},"6":{"start":{"line":60,"column":2},"end":{"line":65,"column":null}},"7":{"start":{"line":61,"column":16},"end":{"line":61,"column":null}},"8":{"start":{"line":62,"column":4},"end":{"line":64,"column":null}},"9":{"start":{"line":63,"column":6},"end":{"line":63,"column":null}},"10":{"start":{"line":67,"column":2},"end":{"line":67,"column":null}},"11":{"start":{"line":80,"column":22},"end":{"line":80,"column":null}},"12":{"start":{"line":81,"column":26},"end":{"line":81,"column":null}},"13":{"start":{"line":84,"column":8},"end":{"line":86,"column":null}},"14":{"start":{"line":85,"column":4},"end":{"line":85,"column":null}},"15":{"start":{"line":92,"column":4},"end":{"line":98,"column":null}},"16":{"start":{"line":93,"column":6},"end":{"line":93,"column":null}},"17":{"start":{"line":94,"column":6},"end":{"line":94,"column":null}},"18":{"start":{"line":95,"column":6},"end":{"line":95,"column":null}},"19":{"start":{"line":95,"column":23},"end":{"line":95,"column":41}},"20":{"start":{"line":97,"column":6},"end":{"line":97,"column":null}},"21":{"start":{"line":101,"column":2},"end":{"line":101,"column":null}},"22":{"start":{"line":101,"column":15},"end":{"line":101,"column":null}},"23":{"start":{"line":103,"column":2},"end":{"line":202,"column":null}},"24":{"start":{"line":139,"column":31},"end":{"line":139,"column":null}},"25":{"start":{"line":171,"column":33},"end":{"line":171,"column":null}},"26":{"start":{"line":188,"column":16},"end":{"line":191,"column":null}}},"fnMap":{"0":{"name":"generateShareUrl","decl":{"start":{"line":50,"column":16},"end":{"line":50,"column":33}},"loc":{"start":{"line":50,"column":80},"end":{"line":68,"column":null}},"line":50},"1":{"name":"ShareModal","decl":{"start":{"line":75,"column":24},"end":{"line":75,"column":35}},"loc":{"start":{"line":79,"column":40},"end":{"line":204,"column":null}},"line":79},"2":{"name":"(anonymous_2)","decl":{"start":{"line":84,"column":27},"end":{"line":84,"column":33}},"loc":{"start":{"line":84,"column":33},"end":{"line":86,"column":5}},"line":84},"3":{"name":"handleCopyUrl","decl":{"start":{"line":91,"column":17},"end":{"line":91,"column":48}},"loc":{"start":{"line":91,"column":48},"end":{"line":99,"column":null}},"line":91},"4":{"name":"(anonymous_4)","decl":{"start":{"line":95,"column":17},"end":{"line":95,"column":23}},"loc":{"start":{"line":95,"column":23},"end":{"line":95,"column":41}},"line":95},"5":{"name":"(anonymous_5)","decl":{"start":{"line":139,"column":24},"end":{"line":139,"column":25}},"loc":{"start":{"line":139,"column":31},"end":{"line":139,"column":null}},"line":139},"6":{"name":"(anonymous_6)","decl":{"start":{"line":171,"column":25},"end":{"line":171,"column":26}},"loc":{"start":{"line":171,"column":33},"end":{"line":171,"column":null}},"line":171},"7":{"name":"(anonymous_7)","decl":{"start":{"line":187,"column":43},"end":{"line":187,"column":44}},"loc":{"start":{"line":188,"column":16},"end":{"line":191,"column":null}},"line":188}},"branchMap":{"0":{"loc":{"start":{"line":55,"column":2},"end":{"line":57,"column":null}},"type":"if","locations":[{"start":{"line":55,"column":2},"end":{"line":57,"column":null}},{"start":{},"end":{}}],"line":55},"1":{"loc":{"start":{"line":62,"column":4},"end":{"line":64,"column":null}},"type":"if","locations":[{"start":{"line":62,"column":4},"end":{"line":64,"column":null}},{"start":{},"end":{}}],"line":62},"2":{"loc":{"start":{"line":101,"column":2},"end":{"line":101,"column":null}},"type":"if","locations":[{"start":{"line":101,"column":2},"end":{"line":101,"column":null}},{"start":{},"end":{}}],"line":101},"3":{"loc":{"start":{"line":155,"column":13},"end":{"line":158,"column":null}},"type":"binary-expr","locations":[{"start":{"line":155,"column":13},"end":{"line":155,"column":null}},{"start":{"line":156,"column":14},"end":{"line":158,"column":null}}],"line":155},"4":{"loc":{"start":{"line":178,"column":17},"end":{"line":178,"column":null}},"type":"cond-expr","locations":[{"start":{"line":178,"column":26},"end":{"line":178,"column":40}},{"start":{"line":178,"column":40},"end":{"line":178,"column":null}}],"line":178},"5":{"loc":{"start":{"line":197,"column":60},"end":{"line":197,"column":84}},"type":"cond-expr","locations":[{"start":{"line":197,"column":67},"end":{"line":197,"column":81}},{"start":{"line":197,"column":81},"end":{"line":197,"column":84}}],"line":197}},"s":{"0":2,"1":2,"2":35,"3":35,"4":35,"5":2,"6":35,"7":210,"8":210,"9":210,"10":35,"11":41,"12":41,"13":41,"14":28,"15":0,"16":0,"17":0,"18":0,"19":0,"20":0,"21":41,"22":37,"23":4,"24":0,"25":0,"26":24},"f":{"0":35,"1":41,"2":28,"3":0,"4":0,"5":0,"6":0,"7":24},"b":{"0":[2,33],"1":[210,0],"2":[37,4],"3":[4,0],"4":[0,4],"5":[0,4]},"meta":{"lastBranch":6,"lastFunction":8,"lastStatement":27,"seen":{"s:26:51:33:Infinity":0,"s:38:58:45:Infinity":1,"f:50:16:50:33":0,"s:51:18:51:Infinity":2,"s:52:17:52:Infinity":3,"b:55:2:57:Infinity:undefined:undefined:undefined:undefined":0,"s:55:2:57:Infinity":4,"s:56:4:56:Infinity":5,"s:60:2:65:Infinity":6,"s:61:16:61:Infinity":7,"b:62:4:64:Infinity:undefined:undefined:undefined:undefined":1,"s:62:4:64:Infinity":8,"s:63:6:63:Infinity":9,"s:67:2:67:Infinity":10,"f:75:24:75:35":1,"s:80:22:80:Infinity":11,"s:81:26:81:Infinity":12,"s:84:8:86:Infinity":13,"f:84:27:84:33":2,"s:85:4:85:Infinity":14,"f:91:17:91:48":3,"s:92:4:98:Infinity":15,"s:93:6:93:Infinity":16,"s:94:6:94:Infinity":17,"s:95:6:95:Infinity":18,"f:95:17:95:23":4,"s:95:23:95:41":19,"s:97:6:97:Infinity":20,"b:101:2:101:Infinity:undefined:undefined:undefined:undefined":2,"s:101:2:101:Infinity":21,"s:101:15:101:Infinity":22,"s:103:2:202:Infinity":23,"f:139:24:139:25":5,"s:139:31:139:Infinity":24,"b:155:13:155:Infinity:156:14:158:Infinity":3,"f:171:25:171:26":6,"s:171:33:171:Infinity":25,"b:178:26:178:40:178:40:178:Infinity":4,"f:187:43:187:44":7,"s:188:16:191:Infinity":26,"b:197:67:197:81:197:81:197:84":5}}}
,"/home/cycledeviator/dev/gitProjects_Personal/my-spectrum-settings/src/components/SupportStrategiesSection.tsx": {"path":"/home/cycledeviator/dev/gitProjects_Personal/my-spectrum-settings/src/components/SupportStrategiesSection.tsx","statementMap":{"0":{"start":{"line":36,"column":2},"end":{"line":38,"column":null}},"1":{"start":{"line":37,"column":4},"end":{"line":37,"column":null}},"2":{"start":{"line":41,"column":24},"end":{"line":43,"column":null}},"3":{"start":{"line":45,"column":2},"end":{"line":94,"column":null}},"4":{"start":{"line":58,"column":12},"end":{"line":78,"column":null}},"5":{"start":{"line":88,"column":12},"end":{"line":90,"column":null}}},"fnMap":{"0":{"name":"SupportStrategiesSection","decl":{"start":{"line":31,"column":24},"end":{"line":31,"column":49}},"loc":{"start":{"line":34,"column":54},"end":{"line":96,"column":null}},"line":34},"1":{"name":"(anonymous_1)","decl":{"start":{"line":57,"column":39},"end":{"line":57,"column":40}},"loc":{"start":{"line":58,"column":12},"end":{"line":78,"column":null}},"line":58},"2":{"name":"(anonymous_2)","decl":{"start":{"line":87,"column":29},"end":{"line":87,"column":30}},"loc":{"start":{"line":88,"column":12},"end":{"line":90,"column":null}},"line":88}},"branchMap":{"0":{"loc":{"start":{"line":36,"column":2},"end":{"line":38,"column":null}},"type":"if","locations":[{"start":{"line":36,"column":2},"end":{"line":38,"column":null}},{"start":{},"end":{}}],"line":36},"1":{"loc":{"start":{"line":36,"column":6},"end":{"line":36,"column":95}},"type":"binary-expr","locations":[{"start":{"line":36,"column":6},"end":{"line":36,"column":27}},{"start":{"line":36,"column":27},"end":{"line":36,"column":61}},{"start":{"line":36,"column":61},"end":{"line":36,"column":95}}],"line":36}},"s":{"0":52,"1":2,"2":50,"3":50,"4":300,"5":528},"f":{"0":52,"1":300,"2":528},"b":{"0":[2,50],"1":[52,51,1]},"meta":{"lastBranch":2,"lastFunction":3,"lastStatement":6,"seen":{"f:31:24:31:49":0,"b:36:2:38:Infinity:undefined:undefined:undefined:undefined":0,"s:36:2:38:Infinity":0,"b:36:6:36:27:36:27:36:61:36:61:36:95":1,"s:37:4:37:Infinity":1,"s:41:24:43:Infinity":2,"s:45:2:94:Infinity":3,"f:57:39:57:40":1,"s:58:12:78:Infinity":4,"f:87:29:87:30":2,"s:88:12:90:Infinity":5}}}
,"/home/cycledeviator/dev/gitProjects_Personal/my-spectrum-settings/src/components/ViewingMode.tsx": {"path":"/home/cycledeviator/dev/gitProjects_Personal/my-spectrum-settings/src/components/ViewingMode.tsx","statementMap":{"0":{"start":{"line":45,"column":37},"end":{"line":45,"column":null}},"1":{"start":{"line":46,"column":34},"end":{"line":46,"column":null}},"2":{"start":{"line":48,"column":2},"end":{"line":54,"column":null}},"3":{"start":{"line":49,"column":4},"end":{"line":53,"column":null}},"4":{"start":{"line":50,"column":6},"end":{"line":50,"column":null}},"5":{"start":{"line":51,"column":4},"end":{"line":53,"column":null}},"6":{"start":{"line":52,"column":6},"end":{"line":52,"column":null}},"7":{"start":{"line":56,"column":2},"end":{"line":58,"column":null}},"8":{"start":{"line":57,"column":4},"end":{"line":57,"column":null}},"9":{"start":{"line":60,"column":16},"end":{"line":60,"column":null}},"10":{"start":{"line":61,"column":2},"end":{"line":63,"column":null}},"11":{"start":{"line":62,"column":4},"end":{"line":62,"column":null}},"12":{"start":{"line":64,"column":2},"end":{"line":66,"column":null}},"13":{"start":{"line":65,"column":4},"end":{"line":65,"column":null}},"14":{"start":{"line":68,"column":2},"end":{"line":68,"column":null}},"15":{"start":{"line":75,"column":2},"end":{"line":78,"column":null}},"16":{"start":{"line":92,"column":8},"end":{"line":94,"column":null}},"17":{"start":{"line":93,"column":4},"end":{"line":93,"column":null}},"18":{"start":{"line":97,"column":8},"end":{"line":99,"column":null}},"19":{"start":{"line":98,"column":4},"end":{"line":98,"column":null}},"20":{"start":{"line":102,"column":28},"end":{"line":102,"column":null}},"21":{"start":{"line":105,"column":8},"end":{"line":108,"column":null}},"22":{"start":{"line":106,"column":4},"end":{"line":106,"column":null}},"23":{"start":{"line":106,"column":26},"end":{"line":106,"column":null}},"24":{"start":{"line":107,"column":4},"end":{"line":107,"column":null}},"25":{"start":{"line":111,"column":22},"end":{"line":113,"column":null}},"26":{"start":{"line":115,"column":2},"end":{"line":284,"column":null}},"27":{"start":{"line":160,"column":26},"end":{"line":160,"column":null}},"28":{"start":{"line":161,"column":34},"end":{"line":161,"column":null}},"29":{"start":{"line":162,"column":32},"end":{"line":162,"column":null}},"30":{"start":{"line":164,"column":12},"end":{"line":170,"column":null}},"31":{"start":{"line":190,"column":12},"end":{"line":193,"column":null}},"32":{"start":{"line":209,"column":16},"end":{"line":219,"column":null}},"33":{"start":{"line":228,"column":16},"end":{"line":238,"column":null}},"34":{"start":{"line":248,"column":25},"end":{"line":248,"column":null}},"35":{"start":{"line":281,"column":56},"end":{"line":281,"column":76}},"36":{"start":{"line":281,"column":76},"end":{"line":281,"column":91}}},"fnMap":{"0":{"name":"getProfileSummary","decl":{"start":{"line":44,"column":9},"end":{"line":44,"column":27}},"loc":{"start":{"line":44,"column":59},"end":{"line":69,"column":null}},"line":44},"1":{"name":"getFeaturedResources","decl":{"start":{"line":74,"column":9},"end":{"line":74,"column":32}},"loc":{"start":{"line":74,"column":32},"end":{"line":79,"column":null}},"line":74},"2":{"name":"ViewingMode","decl":{"start":{"line":86,"column":24},"end":{"line":86,"column":36}},"loc":{"start":{"line":90,"column":34},"end":{"line":286,"column":null}},"line":90},"3":{"name":"(anonymous_3)","decl":{"start":{"line":92,"column":34},"end":{"line":92,"column":40}},"loc":{"start":{"line":92,"column":40},"end":{"line":94,"column":5}},"line":92},"4":{"name":"(anonymous_4)","decl":{"start":{"line":97,"column":33},"end":{"line":97,"column":39}},"loc":{"start":{"line":97,"column":39},"end":{"line":99,"column":5}},"line":97},"5":{"name":"(anonymous_5)","decl":{"start":{"line":105,"column":32},"end":{"line":105,"column":38}},"loc":{"start":{"line":105,"column":38},"end":{"line":108,"column":5}},"line":105},"6":{"name":"(anonymous_6)","decl":{"start":{"line":159,"column":41},"end":{"line":159,"column":42}},"loc":{"start":{"line":159,"column":57},"end":{"line":172,"column":11}},"line":159},"7":{"name":"(anonymous_7)","decl":{"start":{"line":189,"column":29},"end":{"line":189,"column":30}},"loc":{"start":{"line":190,"column":12},"end":{"line":193,"column":null}},"line":190},"8":{"name":"(anonymous_8)","decl":{"start":{"line":208,"column":44},"end":{"line":208,"column":45}},"loc":{"start":{"line":209,"column":16},"end":{"line":219,"column":null}},"line":209},"9":{"name":"(anonymous_9)","decl":{"start":{"line":227,"column":45},"end":{"line":227,"column":46}},"loc":{"start":{"line":228,"column":16},"end":{"line":238,"column":null}},"line":228},"10":{"name":"(anonymous_10)","decl":{"start":{"line":248,"column":19},"end":{"line":248,"column":25}},"loc":{"start":{"line":248,"column":25},"end":{"line":248,"column":null}},"line":248},"11":{"name":"(anonymous_11)","decl":{"start":{"line":281,"column":47},"end":{"line":281,"column":48}},"loc":{"start":{"line":281,"column":54},"end":{"line":281,"column":94}},"line":281}},"branchMap":{"0":{"loc":{"start":{"line":49,"column":4},"end":{"line":53,"column":null}},"type":"if","locations":[{"start":{"line":49,"column":4},"end":{"line":53,"column":null}},{"start":{"line":51,"column":4},"end":{"line":53,"column":null}}],"line":49},"1":{"loc":{"start":{"line":51,"column":4},"end":{"line":53,"column":null}},"type":"if","locations":[{"start":{"line":51,"column":4},"end":{"line":53,"column":null}},{"start":{},"end":{}}],"line":51},"2":{"loc":{"start":{"line":56,"column":2},"end":{"line":58,"column":null}},"type":"if","locations":[{"start":{"line":56,"column":2},"end":{"line":58,"column":null}},{"start":{},"end":{}}],"line":56},"3":{"loc":{"start":{"line":56,"column":6},"end":{"line":56,"column":67}},"type":"binary-expr","locations":[{"start":{"line":56,"column":6},"end":{"line":56,"column":39}},{"start":{"line":56,"column":39},"end":{"line":56,"column":67}}],"line":56},"4":{"loc":{"start":{"line":61,"column":2},"end":{"line":63,"column":null}},"type":"if","locations":[{"start":{"line":61,"column":2},"end":{"line":63,"column":null}},{"start":{},"end":{}}],"line":61},"5":{"loc":{"start":{"line":64,"column":2},"end":{"line":66,"column":null}},"type":"if","locations":[{"start":{"line":64,"column":2},"end":{"line":66,"column":null}},{"start":{},"end":{}}],"line":64},"6":{"loc":{"start":{"line":106,"column":4},"end":{"line":106,"column":null}},"type":"if","locations":[{"start":{"line":106,"column":4},"end":{"line":106,"column":null}},{"start":{},"end":{}}],"line":106},"7":{"loc":{"start":{"line":111,"column":22},"end":{"line":113,"column":null}},"type":"cond-expr","locations":[{"start":{"line":112,"column":6},"end":{"line":112,"column":null}},{"start":{"line":113,"column":6},"end":{"line":113,"column":null}}],"line":111},"8":{"loc":{"start":{"line":129,"column":13},"end":{"line":132,"column":null}},"type":"cond-expr","locations":[{"start":{"line":130,"column":14},"end":{"line":130,"column":null}},{"start":{"line":132,"column":14},"end":{"line":132,"column":null}}],"line":129},"9":{"loc":{"start":{"line":162,"column":32},"end":{"line":162,"column":null}},"type":"binary-expr","locations":[{"start":{"line":162,"column":32},"end":{"line":162,"column":70}},{"start":{"line":162,"column":70},"end":{"line":162,"column":null}}],"line":162}},"s":{"0":31,"1":31,"2":31,"3":186,"4":36,"5":150,"6":64,"7":31,"8":0,"9":31,"10":31,"11":31,"12":31,"13":31,"14":31,"15":36,"16":36,"17":31,"18":36,"19":31,"20":36,"21":36,"22":31,"23":0,"24":31,"25":36,"26":36,"27":216,"28":216,"29":216,"30":216,"31":432,"32":72,"33":72,"34":1,"35":0,"36":0},"f":{"0":31,"1":36,"2":36,"3":31,"4":31,"5":31,"6":216,"7":432,"8":72,"9":72,"10":1,"11":0},"b":{"0":[36,150],"1":[64,86],"2":[0,31],"3":[31,0],"4":[31,0],"5":[31,0],"6":[0,31],"7":[5,31],"8":[5,31],"9":[216,0]},"meta":{"lastBranch":10,"lastFunction":12,"lastStatement":37,"seen":{"f:44:9:44:27":0,"s:45:37:45:Infinity":0,"s:46:34:46:Infinity":1,"s:48:2:54:Infinity":2,"b:49:4:53:Infinity:51:4:53:Infinity":0,"s:49:4:53:Infinity":3,"s:50:6:50:Infinity":4,"b:51:4:53:Infinity:undefined:undefined:undefined:undefined":1,"s:51:4:53:Infinity":5,"s:52:6:52:Infinity":6,"b:56:2:58:Infinity:undefined:undefined:undefined:undefined":2,"s:56:2:58:Infinity":7,"b:56:6:56:39:56:39:56:67":3,"s:57:4:57:Infinity":8,"s:60:16:60:Infinity":9,"b:61:2:63:Infinity:undefined:undefined:undefined:undefined":4,"s:61:2:63:Infinity":10,"s:62:4:62:Infinity":11,"b:64:2:66:Infinity:undefined:undefined:undefined:undefined":5,"s:64:2:66:Infinity":12,"s:65:4:65:Infinity":13,"s:68:2:68:Infinity":14,"f:74:9:74:32":1,"s:75:2:78:Infinity":15,"f:86:24:86:36":2,"s:92:8:94:Infinity":16,"f:92:34:92:40":3,"s:93:4:93:Infinity":17,"s:97:8:99:Infinity":18,"f:97:33:97:39":4,"s:98:4:98:Infinity":19,"s:102:28:102:Infinity":20,"s:105:8:108:Infinity":21,"f:105:32:105:38":5,"b:106:4:106:Infinity:undefined:undefined:undefined:undefined":6,"s:106:4:106:Infinity":22,"s:106:26:106:Infinity":23,"s:107:4:107:Infinity":24,"s:111:22:113:Infinity":25,"b:112:6:112:Infinity:113:6:113:Infinity":7,"s:115:2:284:Infinity":26,"b:130:14:130:Infinity:132:14:132:Infinity":8,"f:159:41:159:42":6,"s:160:26:160:Infinity":27,"s:161:34:161:Infinity":28,"s:162:32:162:Infinity":29,"b:162:32:162:70:162:70:162:Infinity":9,"s:164:12:170:Infinity":30,"f:189:29:189:30":7,"s:190:12:193:Infinity":31,"f:208:44:208:45":8,"s:209:16:219:Infinity":32,"f:227:45:227:46":9,"s:228:16:238:Infinity":33,"f:248:19:248:25":10,"s:248:25:248:Infinity":34,"f:281:47:281:48":11,"s:281:56:281:76":35,"s:281:76:281:91":36}}}
,"/home/cycledeviator/dev/gitProjects_Personal/my-spectrum-settings/src/data/resources.ts": {"path":"/home/cycledeviator/dev/gitProjects_Personal/my-spectrum-settings/src/data/resources.ts","statementMap":{"0":{"start":{"line":18,"column":43},"end":{"line":55,"column":null}},"1":{"start":{"line":61,"column":44},"end":{"line":98,"column":null}},"2":{"start":{"line":113,"column":2},"end":{"line":116,"column":null}}},"fnMap":{"0":{"name":"getRelevantResources","decl":{"start":{"line":110,"column":16},"end":{"line":110,"column":37}},"loc":{"start":{"line":110,"column":83},"end":{"line":117,"column":null}},"line":110}},"branchMap":{},"s":{"0":3,"1":3,"2":2},"f":{"0":2},"b":{},"meta":{"lastBranch":0,"lastFunction":1,"lastStatement":3,"seen":{"s:18:43:55:Infinity":0,"s:61:44:98:Infinity":1,"f:110:16:110:37":0,"s:113:2:116:Infinity":2}}}
,"/home/cycledeviator/dev/gitProjects_Personal/my-spectrum-settings/src/lib/metrics.ts": {"path":"/home/cycledeviator/dev/gitProjects_Personal/my-spectrum-settings/src/lib/metrics.ts","statementMap":{"0":{"start":{"line":14,"column":60},"end":{"line":21,"column":null}},"1":{"start":{"line":29,"column":2},"end":{"line":29,"column":null}},"2":{"start":{"line":35,"column":66},"end":{"line":42,"column":null}},"3":{"start":{"line":50,"column":2},"end":{"line":50,"column":null}},"4":{"start":{"line":72,"column":2},"end":{"line":79,"column":null}},"5":{"start":{"line":73,"column":4},"end":{"line":78,"column":null}},"6":{"start":{"line":80,"column":2},"end":{"line":87,"column":null}},"7":{"start":{"line":81,"column":4},"end":{"line":86,"column":null}},"8":{"start":{"line":88,"column":2},"end":{"line":93,"column":null}},"9":{"start":{"line":102,"column":2},"end":{"line":102,"column":null}},"10":{"start":{"line":111,"column":2},"end":{"line":111,"column":null}},"11":{"start":{"line":111,"column":18},"end":{"line":111,"column":null}},"12":{"start":{"line":112,"column":2},"end":{"line":112,"column":null}},"13":{"start":{"line":112,"column":18},"end":{"line":112,"column":null}},"14":{"start":{"line":113,"column":2},"end":{"line":113,"column":null}},"15":{"start":{"line":122,"column":2},"end":{"line":122,"column":null}},"16":{"start":{"line":122,"column":18},"end":{"line":122,"column":null}},"17":{"start":{"line":123,"column":2},"end":{"line":123,"column":null}},"18":{"start":{"line":123,"column":18},"end":{"line":123,"column":null}},"19":{"start":{"line":124,"column":2},"end":{"line":124,"column":null}},"20":{"start":{"line":133,"column":2},"end":{"line":133,"column":null}},"21":{"start":{"line":133,"column":18},"end":{"line":133,"column":null}},"22":{"start":{"line":134,"column":2},"end":{"line":134,"column":null}},"23":{"start":{"line":134,"column":18},"end":{"line":134,"column":null}},"24":{"start":{"line":135,"column":2},"end":{"line":135,"column":null}},"25":{"start":{"line":144,"column":2},"end":{"line":144,"column":null}},"26":{"start":{"line":153,"column":35},"end":{"line":160,"column":null}},"27":{"start":{"line":161,"column":2},"end":{"line":161,"column":null}},"28":{"start":{"line":167,"column":42},"end":{"line":174,"column":null}},"29":{"start":{"line":179,"column":32},"end":{"line":179,"column":null}},"30":{"start":{"line":184,"column":49},"end":{"line":184,"column":null}}},"fnMap":{"0":{"name":"getMetricEmoji","decl":{"start":{"line":28,"column":16},"end":{"line":28,"column":31}},"loc":{"start":{"line":28,"column":57},"end":{"line":30,"column":null}},"line":28},"1":{"name":"getMetricColorClass","decl":{"start":{"line":49,"column":16},"end":{"line":49,"column":36}},"loc":{"start":{"line":49,"column":58},"end":{"line":51,"column":null}},"line":49},"2":{"name":"getSupportInfo","decl":{"start":{"line":71,"column":16},"end":{"line":71,"column":31}},"loc":{"start":{"line":71,"column":59},"end":{"line":94,"column":null}},"line":71},"3":{"name":"getSupportLevelLabel","decl":{"start":{"line":101,"column":16},"end":{"line":101,"column":37}},"loc":{"start":{"line":101,"column":60},"end":{"line":103,"column":null}},"line":101},"4":{"name":"getSupportLevel","decl":{"start":{"line":110,"column":16},"end":{"line":110,"column":32}},"loc":{"start":{"line":110,"column":61},"end":{"line":114,"column":null}},"line":110},"5":{"name":"getIntensityLabel","decl":{"start":{"line":121,"column":16},"end":{"line":121,"column":34}},"loc":{"start":{"line":121,"column":57},"end":{"line":125,"column":null}},"line":121},"6":{"name":"getScoreColor","decl":{"start":{"line":132,"column":16},"end":{"line":132,"column":30}},"loc":{"start":{"line":132,"column":53},"end":{"line":136,"column":null}},"line":132},"7":{"name":"isValidMetricScore","decl":{"start":{"line":143,"column":16},"end":{"line":143,"column":35}},"loc":{"start":{"line":143,"column":72},"end":{"line":145,"column":null}},"line":143},"8":{"name":"isValidMetricName","decl":{"start":{"line":152,"column":16},"end":{"line":152,"column":34}},"loc":{"start":{"line":152,"column":70},"end":{"line":162,"column":null}},"line":152}},"branchMap":{"0":{"loc":{"start":{"line":29,"column":9},"end":{"line":29,"column":null}},"type":"binary-expr","locations":[{"start":{"line":29,"column":9},"end":{"line":29,"column":53}},{"start":{"line":29,"column":53},"end":{"line":29,"column":null}}],"line":29},"1":{"loc":{"start":{"line":50,"column":9},"end":{"line":50,"column":null}},"type":"binary-expr","locations":[{"start":{"line":50,"column":9},"end":{"line":50,"column":55}},{"start":{"line":50,"column":55},"end":{"line":50,"column":null}}],"line":50},"2":{"loc":{"start":{"line":72,"column":2},"end":{"line":79,"column":null}},"type":"if","locations":[{"start":{"line":72,"column":2},"end":{"line":79,"column":null}},{"start":{},"end":{}}],"line":72},"3":{"loc":{"start":{"line":80,"column":2},"end":{"line":87,"column":null}},"type":"if","locations":[{"start":{"line":80,"column":2},"end":{"line":87,"column":null}},{"start":{},"end":{}}],"line":80},"4":{"loc":{"start":{"line":111,"column":2},"end":{"line":111,"column":null}},"type":"if","locations":[{"start":{"line":111,"column":2},"end":{"line":111,"column":null}},{"start":{},"end":{}}],"line":111},"5":{"loc":{"start":{"line":112,"column":2},"end":{"line":112,"column":null}},"type":"if","locations":[{"start":{"line":112,"column":2},"end":{"line":112,"column":null}},{"start":{},"end":{}}],"line":112},"6":{"loc":{"start":{"line":122,"column":2},"end":{"line":122,"column":null}},"type":"if","locations":[{"start":{"line":122,"column":2},"end":{"line":122,"column":null}},{"start":{},"end":{}}],"line":122},"7":{"loc":{"start":{"line":123,"column":2},"end":{"line":123,"column":null}},"type":"if","locations":[{"start":{"line":123,"column":2},"end":{"line":123,"column":null}},{"start":{},"end":{}}],"line":123},"8":{"loc":{"start":{"line":133,"column":2},"end":{"line":133,"column":null}},"type":"if","locations":[{"start":{"line":133,"column":2},"end":{"line":133,"column":null}},{"start":{},"end":{}}],"line":133},"9":{"loc":{"start":{"line":134,"column":2},"end":{"line":134,"column":null}},"type":"if","locations":[{"start":{"line":134,"column":2},"end":{"line":134,"column":null}},{"start":{},"end":{}}],"line":134},"10":{"loc":{"start":{"line":144,"column":9},"end":{"line":144,"column":null}},"type":"binary-expr","locations":[{"start":{"line":144,"column":9},"end":{"line":144,"column":36}},{"start":{"line":144,"column":36},"end":{"line":144,"column":50}},{"start":{"line":144,"column":50},"end":{"line":144,"column":null}}],"line":144}},"s":{"0":6,"1":254,"2":6,"3":8,"4":570,"5":55,"6":515,"7":421,"8":94,"9":312,"10":22,"11":7,"12":15,"13":8,"14":7,"15":266,"16":5,"17":261,"18":248,"19":13,"20":606,"21":4,"22":602,"23":582,"24":20,"25":48,"26":14,"27":14,"28":6,"29":6,"30":6},"f":{"0":254,"1":8,"2":570,"3":312,"4":22,"5":266,"6":606,"7":48,"8":14},"b":{"0":[254,3],"1":[8,2],"2":[55,515],"3":[421,94],"4":[7,15],"5":[8,7],"6":[5,261],"7":[248,13],"8":[4,602],"9":[582,20],"10":[48,42,40]},"meta":{"lastBranch":11,"lastFunction":9,"lastStatement":31,"seen":{"s:14:60:21:Infinity":0,"f:28:16:28:31":0,"s:29:2:29:Infinity":1,"b:29:9:29:53:29:53:29:Infinity":0,"s:35:66:42:Infinity":2,"f:49:16:49:36":1,"s:50:2:50:Infinity":3,"b:50:9:50:55:50:55:50:Infinity":1,"f:71:16:71:31":2,"b:72:2:79:Infinity:undefined:undefined:undefined:undefined":2,"s:72:2:79:Infinity":4,"s:73:4:78:Infinity":5,"b:80:2:87:Infinity:undefined:undefined:undefined:undefined":3,"s:80:2:87:Infinity":6,"s:81:4:86:Infinity":7,"s:88:2:93:Infinity":8,"f:101:16:101:37":3,"s:102:2:102:Infinity":9,"f:110:16:110:32":4,"b:111:2:111:Infinity:undefined:undefined:undefined:undefined":4,"s:111:2:111:Infinity":10,"s:111:18:111:Infinity":11,"b:112:2:112:Infinity:undefined:undefined:undefined:undefined":5,"s:112:2:112:Infinity":12,"s:112:18:112:Infinity":13,"s:113:2:113:Infinity":14,"f:121:16:121:34":5,"b:122:2:122:Infinity:undefined:undefined:undefined:undefined":6,"s:122:2:122:Infinity":15,"s:122:18:122:Infinity":16,"b:123:2:123:Infinity:undefined:undefined:undefined:undefined":7,"s:123:2:123:Infinity":17,"s:123:18:123:Infinity":18,"s:124:2:124:Infinity":19,"f:132:16:132:30":6,"b:133:2:133:Infinity:undefined:undefined:undefined:undefined":8,"s:133:2:133:Infinity":20,"s:133:18:133:Infinity":21,"b:134:2:134:Infinity:undefined:undefined:undefined:undefined":9,"s:134:2:134:Infinity":22,"s:134:18:134:Infinity":23,"s:135:2:135:Infinity":24,"f:143:16:143:35":7,"s:144:2:144:Infinity":25,"b:144:9:144:36:144:36:144:50:144:50:144:Infinity":10,"f:152:16:152:34":8,"s:153:35:160:Infinity":26,"s:161:2:161:Infinity":27,"s:167:42:174:Infinity":28,"s:179:32:179:Infinity":29,"s:184:49:184:Infinity":30}}}
,"/home/cycledeviator/dev/gitProjects_Personal/my-spectrum-settings/src/lib/recommendations.ts": {"path":"/home/cycledeviator/dev/gitProjects_Personal/my-spectrum-settings/src/lib/recommendations.ts","statementMap":{"0":{"start":{"line":18,"column":39},"end":{"line":240,"column":null}},"1":{"start":{"line":253,"column":2},"end":{"line":253,"column":null}},"2":{"start":{"line":253,"column":18},"end":{"line":253,"column":null}},"3":{"start":{"line":254,"column":2},"end":{"line":254,"column":null}},"4":{"start":{"line":254,"column":18},"end":{"line":254,"column":null}},"5":{"start":{"line":255,"column":2},"end":{"line":255,"column":null}},"6":{"start":{"line":278,"column":2},"end":{"line":280,"column":null}},"7":{"start":{"line":279,"column":4},"end":{"line":279,"column":null}},"8":{"start":{"line":283,"column":24},"end":{"line":285,"column":null}},"9":{"start":{"line":284,"column":38},"end":{"line":284,"column":53}},"10":{"start":{"line":287,"column":27},"end":{"line":287,"column":null}},"11":{"start":{"line":288,"column":28},"end":{"line":288,"column":null}},"12":{"start":{"line":291,"column":2},"end":{"line":308,"column":null}},"13":{"start":{"line":292,"column":18},"end":{"line":292,"column":null}},"14":{"start":{"line":293,"column":29},"end":{"line":293,"column":null}},"15":{"start":{"line":295,"column":4},"end":{"line":307,"column":null}},"16":{"start":{"line":297,"column":27},"end":{"line":297,"column":null}},"17":{"start":{"line":298,"column":6},"end":{"line":300,"column":null}},"18":{"start":{"line":299,"column":8},"end":{"line":299,"column":null}},"19":{"start":{"line":299,"column":52},"end":{"line":299,"column":79}},"20":{"start":{"line":303,"column":28},"end":{"line":303,"column":null}},"21":{"start":{"line":304,"column":6},"end":{"line":306,"column":null}},"22":{"start":{"line":305,"column":8},"end":{"line":305,"column":null}},"23":{"start":{"line":305,"column":53},"end":{"line":305,"column":81}},"24":{"start":{"line":310,"column":2},"end":{"line":313,"column":null}}},"fnMap":{"0":{"name":"getScoreLevel","decl":{"start":{"line":252,"column":9},"end":{"line":252,"column":23}},"loc":{"start":{"line":252,"column":52},"end":{"line":256,"column":null}},"line":252},"1":{"name":"generateRecommendations","decl":{"start":{"line":276,"column":16},"end":{"line":276,"column":40}},"loc":{"start":{"line":276,"column":81},"end":{"line":314,"column":null}},"line":276},"2":{"name":"(anonymous_2)","decl":{"start":{"line":284,"column":10},"end":{"line":284,"column":11}},"loc":{"start":{"line":284,"column":38},"end":{"line":284,"column":53}},"line":284},"3":{"name":"(anonymous_3)","decl":{"start":{"line":299,"column":41},"end":{"line":299,"column":42}},"loc":{"start":{"line":299,"column":52},"end":{"line":299,"column":79}},"line":299},"4":{"name":"(anonymous_4)","decl":{"start":{"line":305,"column":42},"end":{"line":305,"column":43}},"loc":{"start":{"line":305,"column":53},"end":{"line":305,"column":81}},"line":305}},"branchMap":{"0":{"loc":{"start":{"line":253,"column":2},"end":{"line":253,"column":null}},"type":"if","locations":[{"start":{"line":253,"column":2},"end":{"line":253,"column":null}},{"start":{},"end":{}}],"line":253},"1":{"loc":{"start":{"line":254,"column":2},"end":{"line":254,"column":null}},"type":"if","locations":[{"start":{"line":254,"column":2},"end":{"line":254,"column":null}},{"start":{},"end":{}}],"line":254},"2":{"loc":{"start":{"line":278,"column":2},"end":{"line":280,"column":null}},"type":"if","locations":[{"start":{"line":278,"column":2},"end":{"line":280,"column":null}},{"start":{},"end":{}}],"line":278},"3":{"loc":{"start":{"line":278,"column":6},"end":{"line":278,"column":53}},"type":"binary-expr","locations":[{"start":{"line":278,"column":6},"end":{"line":278,"column":18}},{"start":{"line":278,"column":18},"end":{"line":278,"column":53}}],"line":278},"4":{"loc":{"start":{"line":295,"column":4},"end":{"line":307,"column":null}},"type":"if","locations":[{"start":{"line":295,"column":4},"end":{"line":307,"column":null}},{"start":{},"end":{}}],"line":295},"5":{"loc":{"start":{"line":298,"column":6},"end":{"line":300,"column":null}},"type":"if","locations":[{"start":{"line":298,"column":6},"end":{"line":300,"column":null}},{"start":{},"end":{}}],"line":298},"6":{"loc":{"start":{"line":304,"column":6},"end":{"line":306,"column":null}},"type":"if","locations":[{"start":{"line":304,"column":6},"end":{"line":306,"column":null}},{"start":{},"end":{}}],"line":304}},"s":{"0":3,"1":279,"2":63,"3":216,"4":191,"5":25,"6":96,"7":3,"8":93,"9":685,"10":93,"11":93,"12":93,"13":279,"14":279,"15":279,"16":279,"17":279,"18":279,"19":558,"20":279,"21":279,"22":279,"23":558,"24":93},"f":{"0":279,"1":96,"2":685,"3":558,"4":558},"b":{"0":[63,216],"1":[191,25],"2":[3,93],"3":[96,94],"4":[279,0],"5":[279,0],"6":[279,0]},"meta":{"lastBranch":7,"lastFunction":5,"lastStatement":25,"seen":{"s:18:39:240:Infinity":0,"f:252:9:252:23":0,"b:253:2:253:Infinity:undefined:undefined:undefined:undefined":0,"s:253:2:253:Infinity":1,"s:253:18:253:Infinity":2,"b:254:2:254:Infinity:undefined:undefined:undefined:undefined":1,"s:254:2:254:Infinity":3,"s:254:18:254:Infinity":4,"s:255:2:255:Infinity":5,"f:276:16:276:40":1,"b:278:2:280:Infinity:undefined:undefined:undefined:undefined":2,"s:278:2:280:Infinity":6,"b:278:6:278:18:278:18:278:53":3,"s:279:4:279:Infinity":7,"s:283:24:285:Infinity":8,"f:284:10:284:11":2,"s:284:38:284:53":9,"s:287:27:287:Infinity":10,"s:288:28:288:Infinity":11,"s:291:2:308:Infinity":12,"s:292:18:292:Infinity":13,"s:293:29:293:Infinity":14,"b:295:4:307:Infinity:undefined:undefined:undefined:undefined":4,"s:295:4:307:Infinity":15,"s:297:27:297:Infinity":16,"b:298:6:300:Infinity:undefined:undefined:undefined:undefined":5,"s:298:6:300:Infinity":17,"s:299:8:299:Infinity":18,"f:299:41:299:42":3,"s:299:52:299:79":19,"s:303:28:303:Infinity":20,"b:304:6:306:Infinity:undefined:undefined:undefined:undefined":6,"s:304:6:306:Infinity":21,"s:305:8:305:Infinity":22,"f:305:42:305:43":4,"s:305:53:305:81":23,"s:310:2:313:Infinity":24}}}
,"/home/cycledeviator/dev/gitProjects_Personal/my-spectrum-settings/src/lib/sharing.ts": {"path":"/home/cycledeviator/dev/gitProjects_Personal/my-spectrum-settings/src/lib/sharing.ts","statementMap":{"0":{"start":{"line":29,"column":2},"end":{"line":29,"column":null}},"1":{"start":{"line":29,"column":18},"end":{"line":29,"column":null}},"2":{"start":{"line":30,"column":2},"end":{"line":30,"column":null}},"3":{"start":{"line":30,"column":18},"end":{"line":30,"column":null}},"4":{"start":{"line":31,"column":2},"end":{"line":31,"column":null}},"5":{"start":{"line":38,"column":2},"end":{"line":38,"column":null}},"6":{"start":{"line":51,"column":25},"end":{"line":51,"column":null}},"7":{"start":{"line":52,"column":8},"end":{"line":52,"column":null}},"8":{"start":{"line":55,"column":2},"end":{"line":55,"column":null}},"9":{"start":{"line":56,"column":2},"end":{"line":56,"column":null}},"10":{"start":{"line":57,"column":2},"end":{"line":57,"column":null}},"11":{"start":{"line":60,"column":2},"end":{"line":60,"column":null}},"12":{"start":{"line":61,"column":2},"end":{"line":61,"column":null}},"13":{"start":{"line":63,"column":2},"end":{"line":69,"column":null}},"14":{"start":{"line":64,"column":23},"end":{"line":64,"column":null}},"15":{"start":{"line":65,"column":24},"end":{"line":65,"column":null}},"16":{"start":{"line":66,"column":18},"end":{"line":66,"column":null}},"17":{"start":{"line":67,"column":24},"end":{"line":67,"column":null}},"18":{"start":{"line":68,"column":4},"end":{"line":68,"column":null}},"19":{"start":{"line":70,"column":2},"end":{"line":70,"column":null}},"20":{"start":{"line":73,"column":2},"end":{"line":73,"column":null}},"21":{"start":{"line":74,"column":2},"end":{"line":80,"column":null}},"22":{"start":{"line":75,"column":26},"end":{"line":75,"column":null}},"23":{"start":{"line":76,"column":4},"end":{"line":79,"column":null}},"24":{"start":{"line":77,"column":30},"end":{"line":77,"column":null}},"25":{"start":{"line":78,"column":6},"end":{"line":78,"column":null}},"26":{"start":{"line":81,"column":2},"end":{"line":81,"column":null}},"27":{"start":{"line":84,"column":2},"end":{"line":84,"column":null}},"28":{"start":{"line":85,"column":2},"end":{"line":85,"column":null}},"29":{"start":{"line":86,"column":2},"end":{"line":90,"column":null}},"30":{"start":{"line":87,"column":25},"end":{"line":87,"column":null}},"31":{"start":{"line":88,"column":24},"end":{"line":88,"column":null}},"32":{"start":{"line":89,"column":4},"end":{"line":89,"column":null}},"33":{"start":{"line":91,"column":2},"end":{"line":91,"column":null}},"34":{"start":{"line":93,"column":2},"end":{"line":93,"column":null}},"35":{"start":{"line":94,"column":2},"end":{"line":94,"column":null}},"36":{"start":{"line":95,"column":2},"end":{"line":99,"column":null}},"37":{"start":{"line":96,"column":25},"end":{"line":96,"column":null}},"38":{"start":{"line":97,"column":24},"end":{"line":97,"column":null}},"39":{"start":{"line":98,"column":4},"end":{"line":98,"column":null}},"40":{"start":{"line":101,"column":2},"end":{"line":101,"column":null}},"41":{"start":{"line":111,"column":2},"end":{"line":119,"column":null}},"42":{"start":{"line":113,"column":25},"end":{"line":113,"column":null}},"43":{"start":{"line":114,"column":20},"end":{"line":114,"column":null}},"44":{"start":{"line":115,"column":25},"end":{"line":115,"column":null}},"45":{"start":{"line":116,"column":26},"end":{"line":116,"column":null}},"46":{"start":{"line":117,"column":6},"end":{"line":117,"column":null}},"47":{"start":{"line":125,"column":58},"end":{"line":132,"column":null}},"48":{"start":{"line":137,"column":58},"end":{"line":144,"column":null}},"49":{"start":{"line":151,"column":17},"end":{"line":151,"column":null}},"50":{"start":{"line":152,"column":42},"end":{"line":152,"column":null}},"51":{"start":{"line":153,"column":19},"end":{"line":153,"column":null}},"52":{"start":{"line":156,"column":2},"end":{"line":165,"column":null}},"53":{"start":{"line":157,"column":18},"end":{"line":157,"column":null}},"54":{"start":{"line":158,"column":4},"end":{"line":164,"column":null}},"55":{"start":{"line":159,"column":20},"end":{"line":159,"column":null}},"56":{"start":{"line":160,"column":6},"end":{"line":163,"column":null}},"57":{"start":{"line":161,"column":8},"end":{"line":161,"column":null}},"58":{"start":{"line":162,"column":8},"end":{"line":162,"column":null}},"59":{"start":{"line":168,"column":15},"end":{"line":168,"column":null}},"60":{"start":{"line":170,"column":2},"end":{"line":170,"column":null}},"61":{"start":{"line":170,"column":19},"end":{"line":170,"column":null}},"62":{"start":{"line":172,"column":2},"end":{"line":172,"column":null}},"63":{"start":{"line":187,"column":16},"end":{"line":187,"column":null}},"64":{"start":{"line":189,"column":2},"end":{"line":197,"column":null}}},"fnMap":{"0":{"name":"getSupportLevel","decl":{"start":{"line":28,"column":16},"end":{"line":28,"column":32}},"loc":{"start":{"line":28,"column":55},"end":{"line":32,"column":null}},"line":28},"1":{"name":"escapeCSV","decl":{"start":{"line":37,"column":16},"end":{"line":37,"column":26}},"loc":{"start":{"line":37,"column":47},"end":{"line":39,"column":null}},"line":37},"2":{"name":"generateCSVContent","decl":{"start":{"line":44,"column":16},"end":{"line":44,"column":null}},"loc":{"start":{"line":50,"column":10},"end":{"line":102,"column":null}},"line":50},"3":{"name":"(anonymous_3)","decl":{"start":{"line":76,"column":26},"end":{"line":76,"column":27}},"loc":{"start":{"line":76,"column":45},"end":{"line":79,"column":5}},"line":76},"4":{"name":"(anonymous_4)","decl":{"start":{"line":86,"column":26},"end":{"line":86,"column":38}},"loc":{"start":{"line":86,"column":38},"end":{"line":90,"column":3}},"line":86},"5":{"name":"(anonymous_5)","decl":{"start":{"line":95,"column":27},"end":{"line":95,"column":39}},"loc":{"start":{"line":95,"column":39},"end":{"line":99,"column":3}},"line":95},"6":{"name":"generatePlaintext","decl":{"start":{"line":107,"column":16},"end":{"line":107,"column":null}},"loc":{"start":{"line":110,"column":10},"end":{"line":120,"column":null}},"line":110},"7":{"name":"(anonymous_7)","decl":{"start":{"line":112,"column":9},"end":{"line":112,"column":10}},"loc":{"start":{"line":112,"column":16},"end":{"line":118,"column":5}},"line":112},"8":{"name":"parseUrlMetrics","decl":{"start":{"line":150,"column":16},"end":{"line":150,"column":32}},"loc":{"start":{"line":150,"column":119},"end":{"line":173,"column":null}},"line":150},"9":{"name":"validateCSVStructure","decl":{"start":{"line":178,"column":16},"end":{"line":178,"column":37}},"loc":{"start":{"line":186,"column":2},"end":{"line":198,"column":null}},"line":186}},"branchMap":{"0":{"loc":{"start":{"line":29,"column":2},"end":{"line":29,"column":null}},"type":"if","locations":[{"start":{"line":29,"column":2},"end":{"line":29,"column":null}},{"start":{},"end":{}}],"line":29},"1":{"loc":{"start":{"line":30,"column":2},"end":{"line":30,"column":null}},"type":"if","locations":[{"start":{"line":30,"column":2},"end":{"line":30,"column":null}},{"start":{},"end":{}}],"line":30},"2":{"loc":{"start":{"line":65,"column":24},"end":{"line":65,"column":null}},"type":"binary-expr","locations":[{"start":{"line":65,"column":24},"end":{"line":65,"column":60}},{"start":{"line":65,"column":60},"end":{"line":65,"column":null}}],"line":65},"3":{"loc":{"start":{"line":74,"column":2},"end":{"line":80,"column":null}},"type":"if","locations":[{"start":{"line":74,"column":2},"end":{"line":80,"column":null}},{"start":{},"end":{}}],"line":74},"4":{"loc":{"start":{"line":116,"column":26},"end":{"line":116,"column":null}},"type":"binary-expr","locations":[{"start":{"line":116,"column":26},"end":{"line":116,"column":62}},{"start":{"line":116,"column":62},"end":{"line":116,"column":null}}],"line":116},"5":{"loc":{"start":{"line":158,"column":4},"end":{"line":164,"column":null}},"type":"if","locations":[{"start":{"line":158,"column":4},"end":{"line":164,"column":null}},{"start":{},"end":{}}],"line":158},"6":{"loc":{"start":{"line":160,"column":6},"end":{"line":163,"column":null}},"type":"if","locations":[{"start":{"line":160,"column":6},"end":{"line":163,"column":null}},{"start":{},"end":{}}],"line":160},"7":{"loc":{"start":{"line":160,"column":10},"end":{"line":160,"column":36}},"type":"binary-expr","locations":[{"start":{"line":160,"column":10},"end":{"line":160,"column":24}},{"start":{"line":160,"column":24},"end":{"line":160,"column":36}}],"line":160},"8":{"loc":{"start":{"line":170,"column":2},"end":{"line":170,"column":null}},"type":"if","locations":[{"start":{"line":170,"column":2},"end":{"line":170,"column":null}},{"start":{},"end":{}}],"line":170}},"s":{"0":78,"1":6,"2":72,"3":68,"4":4,"5":201,"6":12,"7":12,"8":12,"9":12,"10":12,"11":12,"12":12,"13":12,"14":72,"15":72,"16":72,"17":72,"18":72,"19":12,"20":12,"21":12,"22":9,"23":9,"24":45,"25":45,"26":12,"27":12,"28":12,"29":12,"30":20,"31":20,"32":20,"33":12,"34":12,"35":12,"36":12,"37":20,"38":20,"39":20,"40":12,"41":6,"42":36,"43":36,"44":36,"45":36,"46":36,"47":2,"48":2,"49":9,"50":9,"51":9,"52":9,"53":54,"54":54,"55":15,"56":15,"57":13,"58":13,"59":9,"60":9,"61":2,"62":7,"63":2,"64":2},"f":{"0":78,"1":201,"2":12,"3":45,"4":20,"5":20,"6":6,"7":36,"8":9,"9":2},"b":{"0":[6,72],"1":[68,4],"2":[72,0],"3":[9,3],"4":[36,6],"5":[15,39],"6":[13,2],"7":[15,14],"8":[2,7]},"meta":{"lastBranch":9,"lastFunction":10,"lastStatement":65,"seen":{"f:28:16:28:32":0,"b:29:2:29:Infinity:undefined:undefined:undefined:undefined":0,"s:29:2:29:Infinity":0,"s:29:18:29:Infinity":1,"b:30:2:30:Infinity:undefined:undefined:undefined:undefined":1,"s:30:2:30:Infinity":2,"s:30:18:30:Infinity":3,"s:31:2:31:Infinity":4,"f:37:16:37:26":1,"s:38:2:38:Infinity":5,"f:44:16:44:Infinity":2,"s:51:25:51:Infinity":6,"s:52:8:52:Infinity":7,"s:55:2:55:Infinity":8,"s:56:2:56:Infinity":9,"s:57:2:57:Infinity":10,"s:60:2:60:Infinity":11,"s:61:2:61:Infinity":12,"s:63:2:69:Infinity":13,"s:64:23:64:Infinity":14,"s:65:24:65:Infinity":15,"b:65:24:65:60:65:60:65:Infinity":2,"s:66:18:66:Infinity":16,"s:67:24:67:Infinity":17,"s:68:4:68:Infinity":18,"s:70:2:70:Infinity":19,"s:73:2:73:Infinity":20,"b:74:2:80:Infinity:undefined:undefined:undefined:undefined":3,"s:74:2:80:Infinity":21,"s:75:26:75:Infinity":22,"s:76:4:79:Infinity":23,"f:76:26:76:27":3,"s:77:30:77:Infinity":24,"s:78:6:78:Infinity":25,"s:81:2:81:Infinity":26,"s:84:2:84:Infinity":27,"s:85:2:85:Infinity":28,"s:86:2:90:Infinity":29,"f:86:26:86:38":4,"s:87:25:87:Infinity":30,"s:88:24:88:Infinity":31,"s:89:4:89:Infinity":32,"s:91:2:91:Infinity":33,"s:93:2:93:Infinity":34,"s:94:2:94:Infinity":35,"s:95:2:99:Infinity":36,"f:95:27:95:39":5,"s:96:25:96:Infinity":37,"s:97:24:97:Infinity":38,"s:98:4:98:Infinity":39,"s:101:2:101:Infinity":40,"f:107:16:107:Infinity":6,"s:111:2:119:Infinity":41,"f:112:9:112:10":7,"s:113:25:113:Infinity":42,"s:114:20:114:Infinity":43,"s:115:25:115:Infinity":44,"s:116:26:116:Infinity":45,"b:116:26:116:62:116:62:116:Infinity":4,"s:117:6:117:Infinity":46,"s:125:58:132:Infinity":47,"s:137:58:144:Infinity":48,"f:150:16:150:32":8,"s:151:17:151:Infinity":49,"s:152:42:152:Infinity":50,"s:153:19:153:Infinity":51,"s:156:2:165:Infinity":52,"s:157:18:157:Infinity":53,"b:158:4:164:Infinity:undefined:undefined:undefined:undefined":5,"s:158:4:164:Infinity":54,"s:159:20:159:Infinity":55,"b:160:6:163:Infinity:undefined:undefined:undefined:undefined":6,"s:160:6:163:Infinity":56,"b:160:10:160:24:160:24:160:36":7,"s:161:8:161:Infinity":57,"s:162:8:162:Infinity":58,"s:168:15:168:Infinity":59,"b:170:2:170:Infinity:undefined:undefined:undefined:undefined":8,"s:170:2:170:Infinity":60,"s:170:19:170:Infinity":61,"s:172:2:172:Infinity":62,"f:178:16:178:37":9,"s:187:16:187:Infinity":63,"s:189:2:197:Infinity":64}}}
}
